{
  "/Users/maria/Desktop/reactProject/reactProject-1/vite-project/src/pages/HomePage/MyButton/MyButton.tsx": {
    "path": "/Users/maria/Desktop/reactProject/reactProject-1/vite-project/src/pages/HomePage/MyButton/MyButton.tsx",
    "statementMap": {
      "0": {
        "start": {
          "line": 5,
          "column": 0
        },
        "end": {
          "line": 15,
          "column": 1
        }
      },
      "1": {
        "start": {
          "line": 6,
          "column": 2
        },
        "end": {
          "line": 8,
          "column": 3
        }
      },
      "2": {
        "start": {
          "line": 7,
          "column": 4
        },
        "end": {
          "line": 7,
          "column": 165
        }
      },
      "3": {
        "start": {
          "line": 9,
          "column": 2
        },
        "end": {
          "line": 9,
          "column": 39
        }
      },
      "4": {
        "start": {
          "line": 10,
          "column": 2
        },
        "end": {
          "line": 10,
          "column": 39
        }
      },
      "5": {
        "start": {
          "line": 11,
          "column": 2
        },
        "end": {
          "line": 13,
          "column": 4
        }
      },
      "6": {
        "start": {
          "line": 12,
          "column": 4
        },
        "end": {
          "line": 12,
          "column": 146
        }
      },
      "7": {
        "start": {
          "line": 14,
          "column": 2
        },
        "end": {
          "line": 14,
          "column": 75
        }
      },
      "8": {
        "start": {
          "line": 17,
          "column": 24
        },
        "end": {
          "line": 26,
          "column": 1
        }
      },
      "9": {
        "start": {
          "line": 21,
          "column": 2
        },
        "end": {
          "line": 25,
          "column": 11
        }
      },
      "10": {
        "start": {
          "line": 27,
          "column": 0
        },
        "end": {
          "line": 27,
          "column": 14
        }
      },
      "11": {
        "start": {
          "line": 29,
          "column": 0
        },
        "end": {
          "line": 29,
          "column": 29
        }
      },
      "12": {
        "start": {
          "line": 30,
          "column": 0
        },
        "end": {
          "line": 46,
          "column": 1
        }
      },
      "13": {
        "start": {
          "line": 31,
          "column": 2
        },
        "end": {
          "line": 31,
          "column": 39
        }
      },
      "14": {
        "start": {
          "line": 32,
          "column": 2
        },
        "end": {
          "line": 32,
          "column": 39
        }
      },
      "15": {
        "start": {
          "line": 33,
          "column": 2
        },
        "end": {
          "line": 45,
          "column": 5
        }
      },
      "16": {
        "start": {
          "line": 37,
          "column": 4
        },
        "end": {
          "line": 37,
          "column": 172
        }
      },
      "17": {
        "start": {
          "line": 38,
          "column": 4
        },
        "end": {
          "line": 44,
          "column": 7
        }
      },
      "18": {
        "start": {
          "line": 39,
          "column": 6
        },
        "end": {
          "line": 40,
          "column": 15
        }
      },
      "19": {
        "start": {
          "line": 40,
          "column": 8
        },
        "end": {
          "line": 40,
          "column": 15
        }
      },
      "20": {
        "start": {
          "line": 41,
          "column": 32
        },
        "end": {
          "line": 41,
          "column": 115
        }
      },
      "21": {
        "start": {
          "line": 42,
          "column": 6
        },
        "end": {
          "line": 43,
          "column": 54
        }
      },
      "22": {
        "start": {
          "line": 43,
          "column": 8
        },
        "end": {
          "line": 43,
          "column": 54
        }
      }
    },
    "fnMap": {
      "0": {
        "name": "(anonymous_0)",
        "decl": {
          "start": {
            "line": 11,
            "column": 24
          },
          "end": {
            "line": 11,
            "column": 25
          }
        },
        "loc": {
          "start": {
            "line": 11,
            "column": 38
          },
          "end": {
            "line": 13,
            "column": 3
          }
        },
        "line": 11
      },
      "1": {
        "name": "(anonymous_1)",
        "decl": {
          "start": {
            "line": 17,
            "column": 24
          },
          "end": {
            "line": 17,
            "column": 25
          }
        },
        "loc": {
          "start": {
            "line": 20,
            "column": 6
          },
          "end": {
            "line": 26,
            "column": 1
          }
        },
        "line": 20
      },
      "2": {
        "name": "(anonymous_2)",
        "decl": {
          "start": {
            "line": 36,
            "column": 9
          },
          "end": {
            "line": 36,
            "column": 10
          }
        },
        "loc": {
          "start": {
            "line": 36,
            "column": 29
          },
          "end": {
            "line": 45,
            "column": 3
          }
        },
        "line": 36
      },
      "3": {
        "name": "(anonymous_3)",
        "decl": {
          "start": {
            "line": 38,
            "column": 27
          },
          "end": {
            "line": 38,
            "column": 28
          }
        },
        "loc": {
          "start": {
            "line": 38,
            "column": 44
          },
          "end": {
            "line": 44,
            "column": 5
          }
        },
        "line": 38
      }
    },
    "branchMap": {
      "0": {
        "loc": {
          "start": {
            "line": 5,
            "column": 0
          },
          "end": {
            "line": 15,
            "column": 1
          }
        },
        "type": "if",
        "locations": [
          {
            "start": {
              "line": 5,
              "column": 0
            },
            "end": {
              "line": 15,
              "column": 1
            }
          },
          {
            "start": {},
            "end": {}
          }
        ],
        "line": 5
      },
      "1": {
        "loc": {
          "start": {
            "line": 6,
            "column": 2
          },
          "end": {
            "line": 8,
            "column": 3
          }
        },
        "type": "if",
        "locations": [
          {
            "start": {
              "line": 6,
              "column": 2
            },
            "end": {
              "line": 8,
              "column": 3
            }
          },
          {
            "start": {},
            "end": {}
          }
        ],
        "line": 6
      },
      "2": {
        "loc": {
          "start": {
            "line": 30,
            "column": 0
          },
          "end": {
            "line": 46,
            "column": 1
          }
        },
        "type": "if",
        "locations": [
          {
            "start": {
              "line": 30,
              "column": 0
            },
            "end": {
              "line": 46,
              "column": 1
            }
          },
          {
            "start": {},
            "end": {}
          }
        ],
        "line": 30
      },
      "3": {
        "loc": {
          "start": {
            "line": 39,
            "column": 6
          },
          "end": {
            "line": 40,
            "column": 15
          }
        },
        "type": "if",
        "locations": [
          {
            "start": {
              "line": 39,
              "column": 6
            },
            "end": {
              "line": 40,
              "column": 15
            }
          },
          {
            "start": {},
            "end": {}
          }
        ],
        "line": 39
      },
      "4": {
        "loc": {
          "start": {
            "line": 42,
            "column": 6
          },
          "end": {
            "line": 43,
            "column": 54
          }
        },
        "type": "if",
        "locations": [
          {
            "start": {
              "line": 42,
              "column": 6
            },
            "end": {
              "line": 43,
              "column": 54
            }
          },
          {
            "start": {},
            "end": {}
          }
        ],
        "line": 42
      }
    },
    "s": {
      "0": 30,
      "1": 30,
      "2": 0,
      "3": 30,
      "4": 30,
      "5": 30,
      "6": 30,
      "7": 30,
      "8": 30,
      "9": 80,
      "10": 30,
      "11": 30,
      "12": 30,
      "13": 30,
      "14": 30,
      "15": 30,
      "16": 23,
      "17": 23,
      "18": 0,
      "19": 0,
      "20": 0,
      "21": 0,
      "22": 0
    },
    "f": {
      "0": 30,
      "1": 80,
      "2": 23,
      "3": 0
    },
    "b": {
      "0": [
        30,
        0
      ],
      "1": [
        0,
        30
      ],
      "2": [
        30,
        0
      ],
      "3": [
        0,
        0
      ],
      "4": [
        0,
        0
      ]
    },
    "inputSourceMap": {
      "version": 3,
      "mappings": "AASI;AATJ,OAAO,oBAAgB;AAAA;AAAA;AAAA;AAAA;AAAA;AAAA;AAAA;AAAA;AAAA;AAAA;AAAA;AAAA;AAAA;AAAA;AAOhB,aAAMA,WAAWA,CAAC;AAAA,EAAEC;AAAAA,EAAU,GAAGC;AAAc,MAAM;AAC1D,SACE,uBAAC,YAAO,WAAU,gBAAe,GAAIA,OAClCD,YADH;AAAA;AAAA;AAAA;AAAA,SAEA;AAEJ;AAAEE,KANWH;AAAQ;AAAAI",
      "names": [
        "MyButton",
        "children",
        "props",
        "_c",
        "$RefreshReg$"
      ],
      "sources": [
        "/Users/maria/Desktop/reactProject/reactProject-1/vite-project/src/pages/HomePage/MyButton/MyButton.tsx"
      ],
      "file": "/Users/maria/Desktop/reactProject/reactProject-1/vite-project/src/pages/HomePage/MyButton/MyButton.tsx"
    },
    "_coverageSchema": "1a1c01bbd47fc00a2c39e90264f33305004495a9",
    "hash": "6f8280e6a79b9486faaf811b806119e7912b3b2c"
  },
  "/Users/maria/Desktop/reactProject/reactProject-1/vite-project/src/pages/HomePage/card/card.tsx": {
    "path": "/Users/maria/Desktop/reactProject/reactProject-1/vite-project/src/pages/HomePage/card/card.tsx",
    "statementMap": {
      "0": {
        "start": {
          "line": 5,
          "column": 0
        },
        "end": {
          "line": 15,
          "column": 1
        }
      },
      "1": {
        "start": {
          "line": 6,
          "column": 2
        },
        "end": {
          "line": 8,
          "column": 3
        }
      },
      "2": {
        "start": {
          "line": 7,
          "column": 4
        },
        "end": {
          "line": 7,
          "column": 165
        }
      },
      "3": {
        "start": {
          "line": 9,
          "column": 2
        },
        "end": {
          "line": 9,
          "column": 39
        }
      },
      "4": {
        "start": {
          "line": 10,
          "column": 2
        },
        "end": {
          "line": 10,
          "column": 39
        }
      },
      "5": {
        "start": {
          "line": 11,
          "column": 2
        },
        "end": {
          "line": 13,
          "column": 4
        }
      },
      "6": {
        "start": {
          "line": 12,
          "column": 4
        },
        "end": {
          "line": 12,
          "column": 138
        }
      },
      "7": {
        "start": {
          "line": 14,
          "column": 2
        },
        "end": {
          "line": 14,
          "column": 75
        }
      },
      "8": {
        "start": {
          "line": 23,
          "column": 22
        },
        "end": {
          "line": 27,
          "column": 3
        }
      },
      "9": {
        "start": {
          "line": 24,
          "column": 4
        },
        "end": {
          "line": 24,
          "column": 30
        }
      },
      "10": {
        "start": {
          "line": 25,
          "column": 4
        },
        "end": {
          "line": 25,
          "column": 25
        }
      },
      "11": {
        "start": {
          "line": 26,
          "column": 4
        },
        "end": {
          "line": 26,
          "column": 25
        }
      },
      "12": {
        "start": {
          "line": 28,
          "column": 2
        },
        "end": {
          "line": 56,
          "column": 11
        }
      },
      "13": {
        "start": {
          "line": 58,
          "column": 0
        },
        "end": {
          "line": 58,
          "column": 10
        }
      },
      "14": {
        "start": {
          "line": 61,
          "column": 0
        },
        "end": {
          "line": 61,
          "column": 25
        }
      },
      "15": {
        "start": {
          "line": 62,
          "column": 0
        },
        "end": {
          "line": 78,
          "column": 1
        }
      },
      "16": {
        "start": {
          "line": 63,
          "column": 2
        },
        "end": {
          "line": 63,
          "column": 39
        }
      },
      "17": {
        "start": {
          "line": 64,
          "column": 2
        },
        "end": {
          "line": 64,
          "column": 39
        }
      },
      "18": {
        "start": {
          "line": 65,
          "column": 2
        },
        "end": {
          "line": 77,
          "column": 5
        }
      },
      "19": {
        "start": {
          "line": 69,
          "column": 4
        },
        "end": {
          "line": 69,
          "column": 164
        }
      },
      "20": {
        "start": {
          "line": 70,
          "column": 4
        },
        "end": {
          "line": 76,
          "column": 7
        }
      },
      "21": {
        "start": {
          "line": 71,
          "column": 6
        },
        "end": {
          "line": 72,
          "column": 15
        }
      },
      "22": {
        "start": {
          "line": 72,
          "column": 8
        },
        "end": {
          "line": 72,
          "column": 15
        }
      },
      "23": {
        "start": {
          "line": 73,
          "column": 32
        },
        "end": {
          "line": 73,
          "column": 115
        }
      },
      "24": {
        "start": {
          "line": 74,
          "column": 6
        },
        "end": {
          "line": 75,
          "column": 54
        }
      },
      "25": {
        "start": {
          "line": 75,
          "column": 8
        },
        "end": {
          "line": 75,
          "column": 54
        }
      }
    },
    "fnMap": {
      "0": {
        "name": "(anonymous_0)",
        "decl": {
          "start": {
            "line": 11,
            "column": 24
          },
          "end": {
            "line": 11,
            "column": 25
          }
        },
        "loc": {
          "start": {
            "line": 11,
            "column": 38
          },
          "end": {
            "line": 13,
            "column": 3
          }
        },
        "line": 11
      },
      "1": {
        "name": "Card",
        "decl": {
          "start": {
            "line": 18,
            "column": 16
          },
          "end": {
            "line": 18,
            "column": 20
          }
        },
        "loc": {
          "start": {
            "line": 22,
            "column": 3
          },
          "end": {
            "line": 57,
            "column": 1
          }
        },
        "line": 22
      },
      "2": {
        "name": "(anonymous_2)",
        "decl": {
          "start": {
            "line": 23,
            "column": 22
          },
          "end": {
            "line": 23,
            "column": 23
          }
        },
        "loc": {
          "start": {
            "line": 23,
            "column": 28
          },
          "end": {
            "line": 27,
            "column": 3
          }
        },
        "line": 23
      },
      "3": {
        "name": "(anonymous_3)",
        "decl": {
          "start": {
            "line": 68,
            "column": 9
          },
          "end": {
            "line": 68,
            "column": 10
          }
        },
        "loc": {
          "start": {
            "line": 68,
            "column": 29
          },
          "end": {
            "line": 77,
            "column": 3
          }
        },
        "line": 68
      },
      "4": {
        "name": "(anonymous_4)",
        "decl": {
          "start": {
            "line": 70,
            "column": 27
          },
          "end": {
            "line": 70,
            "column": 28
          }
        },
        "loc": {
          "start": {
            "line": 70,
            "column": 44
          },
          "end": {
            "line": 76,
            "column": 5
          }
        },
        "line": 70
      }
    },
    "branchMap": {
      "0": {
        "loc": {
          "start": {
            "line": 5,
            "column": 0
          },
          "end": {
            "line": 15,
            "column": 1
          }
        },
        "type": "if",
        "locations": [
          {
            "start": {
              "line": 5,
              "column": 0
            },
            "end": {
              "line": 15,
              "column": 1
            }
          },
          {
            "start": {},
            "end": {}
          }
        ],
        "line": 5
      },
      "1": {
        "loc": {
          "start": {
            "line": 6,
            "column": 2
          },
          "end": {
            "line": 8,
            "column": 3
          }
        },
        "type": "if",
        "locations": [
          {
            "start": {
              "line": 6,
              "column": 2
            },
            "end": {
              "line": 8,
              "column": 3
            }
          },
          {
            "start": {},
            "end": {}
          }
        ],
        "line": 6
      },
      "2": {
        "loc": {
          "start": {
            "line": 62,
            "column": 0
          },
          "end": {
            "line": 78,
            "column": 1
          }
        },
        "type": "if",
        "locations": [
          {
            "start": {
              "line": 62,
              "column": 0
            },
            "end": {
              "line": 78,
              "column": 1
            }
          },
          {
            "start": {},
            "end": {}
          }
        ],
        "line": 62
      },
      "3": {
        "loc": {
          "start": {
            "line": 71,
            "column": 6
          },
          "end": {
            "line": 72,
            "column": 15
          }
        },
        "type": "if",
        "locations": [
          {
            "start": {
              "line": 71,
              "column": 6
            },
            "end": {
              "line": 72,
              "column": 15
            }
          },
          {
            "start": {},
            "end": {}
          }
        ],
        "line": 71
      },
      "4": {
        "loc": {
          "start": {
            "line": 74,
            "column": 6
          },
          "end": {
            "line": 75,
            "column": 54
          }
        },
        "type": "if",
        "locations": [
          {
            "start": {
              "line": 74,
              "column": 6
            },
            "end": {
              "line": 75,
              "column": 54
            }
          },
          {
            "start": {},
            "end": {}
          }
        ],
        "line": 74
      }
    },
    "s": {
      "0": 30,
      "1": 30,
      "2": 0,
      "3": 30,
      "4": 30,
      "5": 30,
      "6": 30,
      "7": 30,
      "8": 80,
      "9": 0,
      "10": 0,
      "11": 0,
      "12": 80,
      "13": 30,
      "14": 30,
      "15": 30,
      "16": 30,
      "17": 30,
      "18": 30,
      "19": 23,
      "20": 23,
      "21": 0,
      "22": 0,
      "23": 0,
      "24": 0,
      "25": 0
    },
    "f": {
      "0": 30,
      "1": 80,
      "2": 0,
      "3": 23,
      "4": 0
    },
    "b": {
      "0": [
        30,
        0
      ],
      "1": [
        0,
        30
      ],
      "2": [
        30,
        0
      ],
      "3": [
        0,
        0
      ],
      "4": [
        0,
        0
      ]
    },
    "inputSourceMap": {
      "version": 3,
      "mappings": "AAmBM;AAnBN,2BAAsB;AAAA,IAA2B;AAAA;AAAA;AAAA;AAAA;AAAA;AAAA;AAAA;AAAA;AAAA;AAAA;AAAA;AAAA;AACjD,OAAO;AACP,SAASA,gBAAgB;AAQlB,gBAASC,KAAK;AAAA,EAAEC;AAAAA,EAASC;AAAAA,EAAgBC;AAAsB,GAAG;AACvE,QAAMC,cAAcA,MAAM;AACxBD,kBAAcF,QAAQI,EAAE;AACxBH,mBAAe,IAAI;AACnBI,YAAQC,IAAI,OAAO;AAAA,EACrB;AAEA,SACE,uBAAC,SAAI,WAAU,QACb;AAAA,2BAAC,SAAI,WAAU,eAAc,KAAKN,QAAQO,KAAKC,OAAO,KAAI,aAA1D;AAAA;AAAA;AAAA;AAAA,WAAmE;AAAA,IACnE,uBAAC,SAAI;AAAA;AAAA,MAAQR,QAAQS;AAAAA,SAArB;AAAA;AAAA;AAAA;AAAA,WAA2B;AAAA,IAC3B,uBAAC,SAAKT,kBAAQU,KAAKC,QAAnB;AAAA;AAAA;AAAA;AAAA,WAAwB;AAAA,IACxB,uBAAC,YAAS,SAASR,aAAa,yBAAhC;AAAA;AAAA;AAAA;AAAA,WAAyC;AAAA,OAJ3C;AAAA;AAAA;AAAA;AAAA,SAKA;AAEJ;AAACS,KAfeb;AAiBhB,eAAeA;AAAK;AAAAc",
      "names": [
        "MyButton",
        "Card",
        "picture",
        "setModalActive",
        "setCardActive",
        "handleClick",
        "id",
        "console",
        "log",
        "urls",
        "small",
        "likes",
        "user",
        "name",
        "_c",
        "$RefreshReg$"
      ],
      "sources": [
        "/Users/maria/Desktop/reactProject/reactProject-1/vite-project/src/pages/HomePage/card/card.tsx"
      ],
      "file": "/Users/maria/Desktop/reactProject/reactProject-1/vite-project/src/pages/HomePage/card/card.tsx"
    },
    "_coverageSchema": "1a1c01bbd47fc00a2c39e90264f33305004495a9",
    "hash": "6cae8d750ffd7ae409545c31c11c33a4a667b3bc"
  },
  "/Users/maria/Desktop/reactProject/reactProject-1/vite-project/src/pages/HomePage/Modal/NotFound.tsx": {
    "path": "/Users/maria/Desktop/reactProject/reactProject-1/vite-project/src/pages/HomePage/Modal/NotFound.tsx",
    "statementMap": {
      "0": {
        "start": {
          "line": 5,
          "column": 0
        },
        "end": {
          "line": 15,
          "column": 1
        }
      },
      "1": {
        "start": {
          "line": 6,
          "column": 2
        },
        "end": {
          "line": 8,
          "column": 3
        }
      },
      "2": {
        "start": {
          "line": 7,
          "column": 4
        },
        "end": {
          "line": 7,
          "column": 165
        }
      },
      "3": {
        "start": {
          "line": 9,
          "column": 2
        },
        "end": {
          "line": 9,
          "column": 39
        }
      },
      "4": {
        "start": {
          "line": 10,
          "column": 2
        },
        "end": {
          "line": 10,
          "column": 39
        }
      },
      "5": {
        "start": {
          "line": 11,
          "column": 2
        },
        "end": {
          "line": 13,
          "column": 4
        }
      },
      "6": {
        "start": {
          "line": 12,
          "column": 4
        },
        "end": {
          "line": 12,
          "column": 143
        }
      },
      "7": {
        "start": {
          "line": 14,
          "column": 2
        },
        "end": {
          "line": 14,
          "column": 75
        }
      },
      "8": {
        "start": {
          "line": 16,
          "column": 24
        },
        "end": {
          "line": 22,
          "column": 1
        }
      },
      "9": {
        "start": {
          "line": 17,
          "column": 2
        },
        "end": {
          "line": 21,
          "column": 11
        }
      },
      "10": {
        "start": {
          "line": 23,
          "column": 0
        },
        "end": {
          "line": 23,
          "column": 14
        }
      },
      "11": {
        "start": {
          "line": 25,
          "column": 0
        },
        "end": {
          "line": 25,
          "column": 29
        }
      },
      "12": {
        "start": {
          "line": 26,
          "column": 0
        },
        "end": {
          "line": 42,
          "column": 1
        }
      },
      "13": {
        "start": {
          "line": 27,
          "column": 2
        },
        "end": {
          "line": 27,
          "column": 39
        }
      },
      "14": {
        "start": {
          "line": 28,
          "column": 2
        },
        "end": {
          "line": 28,
          "column": 39
        }
      },
      "15": {
        "start": {
          "line": 29,
          "column": 2
        },
        "end": {
          "line": 41,
          "column": 5
        }
      },
      "16": {
        "start": {
          "line": 33,
          "column": 4
        },
        "end": {
          "line": 33,
          "column": 169
        }
      },
      "17": {
        "start": {
          "line": 34,
          "column": 4
        },
        "end": {
          "line": 40,
          "column": 7
        }
      },
      "18": {
        "start": {
          "line": 35,
          "column": 6
        },
        "end": {
          "line": 36,
          "column": 15
        }
      },
      "19": {
        "start": {
          "line": 36,
          "column": 8
        },
        "end": {
          "line": 36,
          "column": 15
        }
      },
      "20": {
        "start": {
          "line": 37,
          "column": 32
        },
        "end": {
          "line": 37,
          "column": 115
        }
      },
      "21": {
        "start": {
          "line": 38,
          "column": 6
        },
        "end": {
          "line": 39,
          "column": 54
        }
      },
      "22": {
        "start": {
          "line": 39,
          "column": 8
        },
        "end": {
          "line": 39,
          "column": 54
        }
      }
    },
    "fnMap": {
      "0": {
        "name": "(anonymous_0)",
        "decl": {
          "start": {
            "line": 11,
            "column": 24
          },
          "end": {
            "line": 11,
            "column": 25
          }
        },
        "loc": {
          "start": {
            "line": 11,
            "column": 38
          },
          "end": {
            "line": 13,
            "column": 3
          }
        },
        "line": 11
      },
      "1": {
        "name": "(anonymous_1)",
        "decl": {
          "start": {
            "line": 16,
            "column": 24
          },
          "end": {
            "line": 16,
            "column": 25
          }
        },
        "loc": {
          "start": {
            "line": 16,
            "column": 30
          },
          "end": {
            "line": 22,
            "column": 1
          }
        },
        "line": 16
      },
      "2": {
        "name": "(anonymous_2)",
        "decl": {
          "start": {
            "line": 32,
            "column": 9
          },
          "end": {
            "line": 32,
            "column": 10
          }
        },
        "loc": {
          "start": {
            "line": 32,
            "column": 29
          },
          "end": {
            "line": 41,
            "column": 3
          }
        },
        "line": 32
      },
      "3": {
        "name": "(anonymous_3)",
        "decl": {
          "start": {
            "line": 34,
            "column": 27
          },
          "end": {
            "line": 34,
            "column": 28
          }
        },
        "loc": {
          "start": {
            "line": 34,
            "column": 44
          },
          "end": {
            "line": 40,
            "column": 5
          }
        },
        "line": 34
      }
    },
    "branchMap": {
      "0": {
        "loc": {
          "start": {
            "line": 5,
            "column": 0
          },
          "end": {
            "line": 15,
            "column": 1
          }
        },
        "type": "if",
        "locations": [
          {
            "start": {
              "line": 5,
              "column": 0
            },
            "end": {
              "line": 15,
              "column": 1
            }
          },
          {
            "start": {},
            "end": {}
          }
        ],
        "line": 5
      },
      "1": {
        "loc": {
          "start": {
            "line": 6,
            "column": 2
          },
          "end": {
            "line": 8,
            "column": 3
          }
        },
        "type": "if",
        "locations": [
          {
            "start": {
              "line": 6,
              "column": 2
            },
            "end": {
              "line": 8,
              "column": 3
            }
          },
          {
            "start": {},
            "end": {}
          }
        ],
        "line": 6
      },
      "2": {
        "loc": {
          "start": {
            "line": 26,
            "column": 0
          },
          "end": {
            "line": 42,
            "column": 1
          }
        },
        "type": "if",
        "locations": [
          {
            "start": {
              "line": 26,
              "column": 0
            },
            "end": {
              "line": 42,
              "column": 1
            }
          },
          {
            "start": {},
            "end": {}
          }
        ],
        "line": 26
      },
      "3": {
        "loc": {
          "start": {
            "line": 35,
            "column": 6
          },
          "end": {
            "line": 36,
            "column": 15
          }
        },
        "type": "if",
        "locations": [
          {
            "start": {
              "line": 35,
              "column": 6
            },
            "end": {
              "line": 36,
              "column": 15
            }
          },
          {
            "start": {},
            "end": {}
          }
        ],
        "line": 35
      },
      "4": {
        "loc": {
          "start": {
            "line": 38,
            "column": 6
          },
          "end": {
            "line": 39,
            "column": 54
          }
        },
        "type": "if",
        "locations": [
          {
            "start": {
              "line": 38,
              "column": 6
            },
            "end": {
              "line": 39,
              "column": 54
            }
          },
          {
            "start": {},
            "end": {}
          }
        ],
        "line": 38
      }
    },
    "s": {
      "0": 30,
      "1": 30,
      "2": 0,
      "3": 30,
      "4": 30,
      "5": 30,
      "6": 30,
      "7": 30,
      "8": 30,
      "9": 12,
      "10": 30,
      "11": 30,
      "12": 30,
      "13": 30,
      "14": 30,
      "15": 30,
      "16": 23,
      "17": 23,
      "18": 0,
      "19": 0,
      "20": 0,
      "21": 0,
      "22": 0
    },
    "f": {
      "0": 30,
      "1": 12,
      "2": 23,
      "3": 0
    },
    "b": {
      "0": [
        30,
        0
      ],
      "1": [
        0,
        30
      ],
      "2": [
        30,
        0
      ],
      "3": [
        0,
        0
      ],
      "4": [
        0,
        0
      ]
    },
    "inputSourceMap": {
      "version": 3,
      "mappings": "AACS;AADT,OAAO,oBAAiB;AAAM;AAAA;AAAA;AAAA;AAAA;AAAA;AAAA;AAAA;AAAA;AAAA;AAAA;AAAA;AAAA;AAAA;AAC5B,SAAO,uBAAC,SAAM,kDAAP;AAAA;AAAA;AAAA;AAAA,SAA2C;AACpD;AAAEA,KAFWC;AAAQ;AAAAC",
      "names": [
        "_c",
        "NotFound",
        "$RefreshReg$"
      ],
      "sources": [
        "/Users/maria/Desktop/reactProject/reactProject-1/vite-project/src/pages/HomePage/Modal/NotFound.tsx"
      ],
      "file": "/Users/maria/Desktop/reactProject/reactProject-1/vite-project/src/pages/HomePage/Modal/NotFound.tsx"
    },
    "_coverageSchema": "1a1c01bbd47fc00a2c39e90264f33305004495a9",
    "hash": "238ac2f6804cf22265d277578c59914a516c1420"
  },
  "/Users/maria/Desktop/reactProject/reactProject-1/vite-project/src/pages/HomePage/MyLoader/MyLoader.tsx": {
    "path": "/Users/maria/Desktop/reactProject/reactProject-1/vite-project/src/pages/HomePage/MyLoader/MyLoader.tsx",
    "statementMap": {
      "0": {
        "start": {
          "line": 5,
          "column": 0
        },
        "end": {
          "line": 15,
          "column": 1
        }
      },
      "1": {
        "start": {
          "line": 6,
          "column": 2
        },
        "end": {
          "line": 8,
          "column": 3
        }
      },
      "2": {
        "start": {
          "line": 7,
          "column": 4
        },
        "end": {
          "line": 7,
          "column": 165
        }
      },
      "3": {
        "start": {
          "line": 9,
          "column": 2
        },
        "end": {
          "line": 9,
          "column": 39
        }
      },
      "4": {
        "start": {
          "line": 10,
          "column": 2
        },
        "end": {
          "line": 10,
          "column": 39
        }
      },
      "5": {
        "start": {
          "line": 11,
          "column": 2
        },
        "end": {
          "line": 13,
          "column": 4
        }
      },
      "6": {
        "start": {
          "line": 12,
          "column": 4
        },
        "end": {
          "line": 12,
          "column": 146
        }
      },
      "7": {
        "start": {
          "line": 14,
          "column": 2
        },
        "end": {
          "line": 14,
          "column": 75
        }
      },
      "8": {
        "start": {
          "line": 16,
          "column": 24
        },
        "end": {
          "line": 26,
          "column": 1
        }
      },
      "9": {
        "start": {
          "line": 17,
          "column": 2
        },
        "end": {
          "line": 25,
          "column": 11
        }
      },
      "10": {
        "start": {
          "line": 27,
          "column": 0
        },
        "end": {
          "line": 27,
          "column": 14
        }
      },
      "11": {
        "start": {
          "line": 29,
          "column": 0
        },
        "end": {
          "line": 29,
          "column": 29
        }
      },
      "12": {
        "start": {
          "line": 30,
          "column": 0
        },
        "end": {
          "line": 46,
          "column": 1
        }
      },
      "13": {
        "start": {
          "line": 31,
          "column": 2
        },
        "end": {
          "line": 31,
          "column": 39
        }
      },
      "14": {
        "start": {
          "line": 32,
          "column": 2
        },
        "end": {
          "line": 32,
          "column": 39
        }
      },
      "15": {
        "start": {
          "line": 33,
          "column": 2
        },
        "end": {
          "line": 45,
          "column": 5
        }
      },
      "16": {
        "start": {
          "line": 37,
          "column": 4
        },
        "end": {
          "line": 37,
          "column": 172
        }
      },
      "17": {
        "start": {
          "line": 38,
          "column": 4
        },
        "end": {
          "line": 44,
          "column": 7
        }
      },
      "18": {
        "start": {
          "line": 39,
          "column": 6
        },
        "end": {
          "line": 40,
          "column": 15
        }
      },
      "19": {
        "start": {
          "line": 40,
          "column": 8
        },
        "end": {
          "line": 40,
          "column": 15
        }
      },
      "20": {
        "start": {
          "line": 41,
          "column": 32
        },
        "end": {
          "line": 41,
          "column": 115
        }
      },
      "21": {
        "start": {
          "line": 42,
          "column": 6
        },
        "end": {
          "line": 43,
          "column": 54
        }
      },
      "22": {
        "start": {
          "line": 43,
          "column": 8
        },
        "end": {
          "line": 43,
          "column": 54
        }
      }
    },
    "fnMap": {
      "0": {
        "name": "(anonymous_0)",
        "decl": {
          "start": {
            "line": 11,
            "column": 24
          },
          "end": {
            "line": 11,
            "column": 25
          }
        },
        "loc": {
          "start": {
            "line": 11,
            "column": 38
          },
          "end": {
            "line": 13,
            "column": 3
          }
        },
        "line": 11
      },
      "1": {
        "name": "(anonymous_1)",
        "decl": {
          "start": {
            "line": 16,
            "column": 24
          },
          "end": {
            "line": 16,
            "column": 25
          }
        },
        "loc": {
          "start": {
            "line": 16,
            "column": 30
          },
          "end": {
            "line": 26,
            "column": 1
          }
        },
        "line": 16
      },
      "2": {
        "name": "(anonymous_2)",
        "decl": {
          "start": {
            "line": 36,
            "column": 9
          },
          "end": {
            "line": 36,
            "column": 10
          }
        },
        "loc": {
          "start": {
            "line": 36,
            "column": 29
          },
          "end": {
            "line": 45,
            "column": 3
          }
        },
        "line": 36
      },
      "3": {
        "name": "(anonymous_3)",
        "decl": {
          "start": {
            "line": 38,
            "column": 27
          },
          "end": {
            "line": 38,
            "column": 28
          }
        },
        "loc": {
          "start": {
            "line": 38,
            "column": 44
          },
          "end": {
            "line": 44,
            "column": 5
          }
        },
        "line": 38
      }
    },
    "branchMap": {
      "0": {
        "loc": {
          "start": {
            "line": 5,
            "column": 0
          },
          "end": {
            "line": 15,
            "column": 1
          }
        },
        "type": "if",
        "locations": [
          {
            "start": {
              "line": 5,
              "column": 0
            },
            "end": {
              "line": 15,
              "column": 1
            }
          },
          {
            "start": {},
            "end": {}
          }
        ],
        "line": 5
      },
      "1": {
        "loc": {
          "start": {
            "line": 6,
            "column": 2
          },
          "end": {
            "line": 8,
            "column": 3
          }
        },
        "type": "if",
        "locations": [
          {
            "start": {
              "line": 6,
              "column": 2
            },
            "end": {
              "line": 8,
              "column": 3
            }
          },
          {
            "start": {},
            "end": {}
          }
        ],
        "line": 6
      },
      "2": {
        "loc": {
          "start": {
            "line": 30,
            "column": 0
          },
          "end": {
            "line": 46,
            "column": 1
          }
        },
        "type": "if",
        "locations": [
          {
            "start": {
              "line": 30,
              "column": 0
            },
            "end": {
              "line": 46,
              "column": 1
            }
          },
          {
            "start": {},
            "end": {}
          }
        ],
        "line": 30
      },
      "3": {
        "loc": {
          "start": {
            "line": 39,
            "column": 6
          },
          "end": {
            "line": 40,
            "column": 15
          }
        },
        "type": "if",
        "locations": [
          {
            "start": {
              "line": 39,
              "column": 6
            },
            "end": {
              "line": 40,
              "column": 15
            }
          },
          {
            "start": {},
            "end": {}
          }
        ],
        "line": 39
      },
      "4": {
        "loc": {
          "start": {
            "line": 42,
            "column": 6
          },
          "end": {
            "line": 43,
            "column": 54
          }
        },
        "type": "if",
        "locations": [
          {
            "start": {
              "line": 42,
              "column": 6
            },
            "end": {
              "line": 43,
              "column": 54
            }
          },
          {
            "start": {},
            "end": {}
          }
        ],
        "line": 42
      }
    },
    "s": {
      "0": 30,
      "1": 30,
      "2": 0,
      "3": 30,
      "4": 30,
      "5": 30,
      "6": 30,
      "7": 30,
      "8": 30,
      "9": 68,
      "10": 30,
      "11": 30,
      "12": 30,
      "13": 30,
      "14": 30,
      "15": 30,
      "16": 23,
      "17": 23,
      "18": 0,
      "19": 0,
      "20": 0,
      "21": 0,
      "22": 0
    },
    "f": {
      "0": 30,
      "1": 68,
      "2": 23,
      "3": 0
    },
    "b": {
      "0": [
        30,
        0
      ],
      "1": [
        0,
        30
      ],
      "2": [
        30,
        0
      ],
      "3": [
        0,
        0
      ],
      "4": [
        0,
        0
      ]
    },
    "inputSourceMap": {
      "version": 3,
      "mappings": "AAGM;AAHN,OAAO,oBAAiB;AAAM;AAAA;AAAA;AAAA;AAAA;AAAA;AAAA;AAAA;AAAA;AAAA;AAAA;AAAA;AAAA;AAAA;AAC5B,SACE,uBAAC,SACC,iCAAC,OAAE,0BAAH;AAAA;AAAA;AAAA;AAAA,SAAa,KADf;AAAA;AAAA;AAAA;AAAA,SAEA;AAEJ;AAAEA,KANWC;AAAQ;AAAAC",
      "names": [
        "_c",
        "MyLoader",
        "$RefreshReg$"
      ],
      "sources": [
        "/Users/maria/Desktop/reactProject/reactProject-1/vite-project/src/pages/HomePage/MyLoader/MyLoader.tsx"
      ],
      "file": "/Users/maria/Desktop/reactProject/reactProject-1/vite-project/src/pages/HomePage/MyLoader/MyLoader.tsx"
    },
    "_coverageSchema": "1a1c01bbd47fc00a2c39e90264f33305004495a9",
    "hash": "78adb1e95a001eca42051584db7d88eecdb37b3b"
  },
  "/Users/maria/Desktop/reactProject/reactProject-1/vite-project/src/pages/HomePage/Modal/CloseModal.tsx": {
    "path": "/Users/maria/Desktop/reactProject/reactProject-1/vite-project/src/pages/HomePage/Modal/CloseModal.tsx",
    "statementMap": {
      "0": {
        "start": {
          "line": 5,
          "column": 0
        },
        "end": {
          "line": 15,
          "column": 1
        }
      },
      "1": {
        "start": {
          "line": 6,
          "column": 2
        },
        "end": {
          "line": 8,
          "column": 3
        }
      },
      "2": {
        "start": {
          "line": 7,
          "column": 4
        },
        "end": {
          "line": 7,
          "column": 165
        }
      },
      "3": {
        "start": {
          "line": 9,
          "column": 2
        },
        "end": {
          "line": 9,
          "column": 39
        }
      },
      "4": {
        "start": {
          "line": 10,
          "column": 2
        },
        "end": {
          "line": 10,
          "column": 39
        }
      },
      "5": {
        "start": {
          "line": 11,
          "column": 2
        },
        "end": {
          "line": 13,
          "column": 4
        }
      },
      "6": {
        "start": {
          "line": 12,
          "column": 4
        },
        "end": {
          "line": 12,
          "column": 145
        }
      },
      "7": {
        "start": {
          "line": 14,
          "column": 2
        },
        "end": {
          "line": 14,
          "column": 75
        }
      },
      "8": {
        "start": {
          "line": 16,
          "column": 19
        },
        "end": {
          "line": 26,
          "column": 1
        }
      },
      "9": {
        "start": {
          "line": 17,
          "column": 2
        },
        "end": {
          "line": 25,
          "column": 11
        }
      },
      "10": {
        "start": {
          "line": 27,
          "column": 0
        },
        "end": {
          "line": 27,
          "column": 16
        }
      },
      "11": {
        "start": {
          "line": 30,
          "column": 0
        },
        "end": {
          "line": 30,
          "column": 31
        }
      },
      "12": {
        "start": {
          "line": 31,
          "column": 0
        },
        "end": {
          "line": 47,
          "column": 1
        }
      },
      "13": {
        "start": {
          "line": 32,
          "column": 2
        },
        "end": {
          "line": 32,
          "column": 39
        }
      },
      "14": {
        "start": {
          "line": 33,
          "column": 2
        },
        "end": {
          "line": 33,
          "column": 39
        }
      },
      "15": {
        "start": {
          "line": 34,
          "column": 2
        },
        "end": {
          "line": 46,
          "column": 5
        }
      },
      "16": {
        "start": {
          "line": 38,
          "column": 4
        },
        "end": {
          "line": 38,
          "column": 171
        }
      },
      "17": {
        "start": {
          "line": 39,
          "column": 4
        },
        "end": {
          "line": 45,
          "column": 7
        }
      },
      "18": {
        "start": {
          "line": 40,
          "column": 6
        },
        "end": {
          "line": 41,
          "column": 15
        }
      },
      "19": {
        "start": {
          "line": 41,
          "column": 8
        },
        "end": {
          "line": 41,
          "column": 15
        }
      },
      "20": {
        "start": {
          "line": 42,
          "column": 32
        },
        "end": {
          "line": 42,
          "column": 115
        }
      },
      "21": {
        "start": {
          "line": 43,
          "column": 6
        },
        "end": {
          "line": 44,
          "column": 54
        }
      },
      "22": {
        "start": {
          "line": 44,
          "column": 8
        },
        "end": {
          "line": 44,
          "column": 54
        }
      }
    },
    "fnMap": {
      "0": {
        "name": "(anonymous_0)",
        "decl": {
          "start": {
            "line": 11,
            "column": 24
          },
          "end": {
            "line": 11,
            "column": 25
          }
        },
        "loc": {
          "start": {
            "line": 11,
            "column": 38
          },
          "end": {
            "line": 13,
            "column": 3
          }
        },
        "line": 11
      },
      "1": {
        "name": "(anonymous_1)",
        "decl": {
          "start": {
            "line": 16,
            "column": 19
          },
          "end": {
            "line": 16,
            "column": 20
          }
        },
        "loc": {
          "start": {
            "line": 16,
            "column": 25
          },
          "end": {
            "line": 26,
            "column": 1
          }
        },
        "line": 16
      },
      "2": {
        "name": "(anonymous_2)",
        "decl": {
          "start": {
            "line": 37,
            "column": 9
          },
          "end": {
            "line": 37,
            "column": 10
          }
        },
        "loc": {
          "start": {
            "line": 37,
            "column": 29
          },
          "end": {
            "line": 46,
            "column": 3
          }
        },
        "line": 37
      },
      "3": {
        "name": "(anonymous_3)",
        "decl": {
          "start": {
            "line": 39,
            "column": 27
          },
          "end": {
            "line": 39,
            "column": 28
          }
        },
        "loc": {
          "start": {
            "line": 39,
            "column": 44
          },
          "end": {
            "line": 45,
            "column": 5
          }
        },
        "line": 39
      }
    },
    "branchMap": {
      "0": {
        "loc": {
          "start": {
            "line": 5,
            "column": 0
          },
          "end": {
            "line": 15,
            "column": 1
          }
        },
        "type": "if",
        "locations": [
          {
            "start": {
              "line": 5,
              "column": 0
            },
            "end": {
              "line": 15,
              "column": 1
            }
          },
          {
            "start": {},
            "end": {}
          }
        ],
        "line": 5
      },
      "1": {
        "loc": {
          "start": {
            "line": 6,
            "column": 2
          },
          "end": {
            "line": 8,
            "column": 3
          }
        },
        "type": "if",
        "locations": [
          {
            "start": {
              "line": 6,
              "column": 2
            },
            "end": {
              "line": 8,
              "column": 3
            }
          },
          {
            "start": {},
            "end": {}
          }
        ],
        "line": 6
      },
      "2": {
        "loc": {
          "start": {
            "line": 31,
            "column": 0
          },
          "end": {
            "line": 47,
            "column": 1
          }
        },
        "type": "if",
        "locations": [
          {
            "start": {
              "line": 31,
              "column": 0
            },
            "end": {
              "line": 47,
              "column": 1
            }
          },
          {
            "start": {},
            "end": {}
          }
        ],
        "line": 31
      },
      "3": {
        "loc": {
          "start": {
            "line": 40,
            "column": 6
          },
          "end": {
            "line": 41,
            "column": 15
          }
        },
        "type": "if",
        "locations": [
          {
            "start": {
              "line": 40,
              "column": 6
            },
            "end": {
              "line": 41,
              "column": 15
            }
          },
          {
            "start": {},
            "end": {}
          }
        ],
        "line": 40
      },
      "4": {
        "loc": {
          "start": {
            "line": 43,
            "column": 6
          },
          "end": {
            "line": 44,
            "column": 54
          }
        },
        "type": "if",
        "locations": [
          {
            "start": {
              "line": 43,
              "column": 6
            },
            "end": {
              "line": 44,
              "column": 54
            }
          },
          {
            "start": {},
            "end": {}
          }
        ],
        "line": 43
      }
    },
    "s": {
      "0": 30,
      "1": 30,
      "2": 0,
      "3": 30,
      "4": 30,
      "5": 30,
      "6": 30,
      "7": 30,
      "8": 30,
      "9": 0,
      "10": 30,
      "11": 30,
      "12": 30,
      "13": 30,
      "14": 30,
      "15": 30,
      "16": 23,
      "17": 23,
      "18": 0,
      "19": 0,
      "20": 0,
      "21": 0,
      "22": 0
    },
    "f": {
      "0": 30,
      "1": 0,
      "2": 23,
      "3": 0
    },
    "b": {
      "0": [
        30,
        0
      ],
      "1": [
        0,
        30
      ],
      "2": [
        30,
        0
      ],
      "3": [
        0,
        0
      ],
      "4": [
        0,
        0
      ]
    },
    "inputSourceMap": {
      "version": 3,
      "mappings": "AAGM;AAHN,OAAMA,oBAAmB;AAAA;AAAA;AAAA;AAAA;AAAA;AAAA;AAAA;AAAA;AAAA;AAAA;AAAA;AAAA;AAAA;AAAA;AACvB,SACE,uBAAC,SAAI,SAAQ,aAAY,OAAM,8BAC7B,iCAAC,UAAK,GAAE,o6CAAR;AAAA;AAAA;AAAA;AAAA,SAAw6C,KAD16C;AAAA;AAAA;AAAA;AAAA,SAEA;AAEJ;AAAEC,KANID;AAQN,eAAeA;AAAW;AAAAE",
      "names": [
        "CloseModal",
        "_c",
        "$RefreshReg$"
      ],
      "sources": [
        "/Users/maria/Desktop/reactProject/reactProject-1/vite-project/src/pages/HomePage/Modal/CloseModal.tsx"
      ],
      "file": "/Users/maria/Desktop/reactProject/reactProject-1/vite-project/src/pages/HomePage/Modal/CloseModal.tsx"
    },
    "_coverageSchema": "1a1c01bbd47fc00a2c39e90264f33305004495a9",
    "hash": "d7cd927c60ce148c8b045c6e5e7efa14e7d398ae"
  },
  "/Users/maria/Desktop/reactProject/reactProject-1/vite-project/src/store/apiSlice.ts": {
    "path": "/Users/maria/Desktop/reactProject/reactProject-1/vite-project/src/store/apiSlice.ts",
    "statementMap": {
      "0": {
        "start": {
          "line": 2,
          "column": 15
        },
        "end": {
          "line": 2,
          "column": 60
        }
      },
      "1": {
        "start": {
          "line": 3,
          "column": 27
        },
        "end": {
          "line": 25,
          "column": 2
        }
      },
      "2": {
        "start": {
          "line": 9,
          "column": 4
        },
        "end": {
          "line": 23,
          "column": 6
        }
      },
      "3": {
        "start": {
          "line": 12,
          "column": 10
        },
        "end": {
          "line": 12,
          "column": 130
        }
      },
      "4": {
        "start": {
          "line": 15,
          "column": 10
        },
        "end": {
          "line": 15,
          "column": 64
        }
      },
      "5": {
        "start": {
          "line": 20,
          "column": 10
        },
        "end": {
          "line": 20,
          "column": 58
        }
      },
      "6": {
        "start": {
          "line": 26,
          "column": 65
        },
        "end": {
          "line": 26,
          "column": 76
        }
      }
    },
    "fnMap": {
      "0": {
        "name": "(anonymous_0)",
        "decl": {
          "start": {
            "line": 8,
            "column": 2
          },
          "end": {
            "line": 8,
            "column": 3
          }
        },
        "loc": {
          "start": {
            "line": 8,
            "column": 21
          },
          "end": {
            "line": 24,
            "column": 3
          }
        },
        "line": 8
      },
      "1": {
        "name": "(anonymous_1)",
        "decl": {
          "start": {
            "line": 11,
            "column": 8
          },
          "end": {
            "line": 11,
            "column": 9
          }
        },
        "loc": {
          "start": {
            "line": 11,
            "column": 21
          },
          "end": {
            "line": 13,
            "column": 9
          }
        },
        "line": 11
      },
      "2": {
        "name": "(anonymous_2)",
        "decl": {
          "start": {
            "line": 14,
            "column": 27
          },
          "end": {
            "line": 14,
            "column": 28
          }
        },
        "loc": {
          "start": {
            "line": 14,
            "column": 41
          },
          "end": {
            "line": 16,
            "column": 9
          }
        },
        "line": 14
      },
      "3": {
        "name": "(anonymous_3)",
        "decl": {
          "start": {
            "line": 19,
            "column": 8
          },
          "end": {
            "line": 19,
            "column": 9
          }
        },
        "loc": {
          "start": {
            "line": 19,
            "column": 23
          },
          "end": {
            "line": 21,
            "column": 9
          }
        },
        "line": 19
      }
    },
    "branchMap": {
      "0": {
        "loc": {
          "start": {
            "line": 12,
            "column": 17
          },
          "end": {
            "line": 12,
            "column": 129
          }
        },
        "type": "cond-expr",
        "locations": [
          {
            "start": {
              "line": 12,
              "column": 32
            },
            "end": {
              "line": 12,
              "column": 76
            }
          },
          {
            "start": {
              "line": 12,
              "column": 79
            },
            "end": {
              "line": 12,
              "column": 129
            }
          }
        ],
        "line": 12
      },
      "1": {
        "loc": {
          "start": {
            "line": 15,
            "column": 17
          },
          "end": {
            "line": 15,
            "column": 63
          }
        },
        "type": "cond-expr",
        "locations": [
          {
            "start": {
              "line": 15,
              "column": 36
            },
            "end": {
              "line": 15,
              "column": 52
            }
          },
          {
            "start": {
              "line": 15,
              "column": 55
            },
            "end": {
              "line": 15,
              "column": 63
            }
          }
        ],
        "line": 15
      }
    },
    "s": {
      "0": 30,
      "1": 30,
      "2": 30,
      "3": 18,
      "4": 13,
      "5": 0,
      "6": 30
    },
    "f": {
      "0": 30,
      "1": 18,
      "2": 13,
      "3": 0
    },
    "b": {
      "0": [
        12,
        6
      ],
      "1": [
        6,
        7
      ]
    },
    "inputSourceMap": {
      "version": 3,
      "sources": [
        "/Users/maria/Desktop/reactProject/reactProject-1/vite-project/src/store/apiSlice.ts"
      ],
      "mappings": "AAAA,SAAS,WAAW,sBAAsB;AAG1C,MAAM,SAAS;AAMR,aAAM,cAAc,UAAU;AAAA,EACnC,aAAa;AAAA,EACb,WAAW,eAAe;AAAA,IACxB,SAAS;AAAA,EACX,CAAC;AAAA,EAED,UAAU,SAAS;AACjB,WAAO;AAAA,MACL,cAAc,QAAQ,MAAuB;AAAA,QAC3C,MAAM,OAAO;AACX,iBAAO,UAAU,KACb,oCAAoC,WACpC,uBAAuB,mBAAmB;AAAA,QAChD;AAAA,QACA,mBAAmB,CAAC,aAAwC;AAC1D,iBAAO,SAAS,UAAU,SAAS,UAAU;AAAA,QAC/C;AAAA,MACF,CAAC;AAAA,MACD,iBAAiB,QAAQ,MAAqB;AAAA,QAC5C,MAAM,SAAS;AACb,iBAAO,UAAU,sBAAsB;AAAA,QACzC;AAAA,MACF,CAAC;AAAA,IACH;AAAA,EACF;AACF,CAAC;AAEM,aAAM,EAAE,sBAAsB,wBAAwB,IAAI;",
      "names": []
    },
    "_coverageSchema": "1a1c01bbd47fc00a2c39e90264f33305004495a9",
    "hash": "f961a7126c57273ce8f9f64f2b27a0f9b30f1212"
  },
  "/Users/maria/Desktop/reactProject/reactProject-1/vite-project/src/pages/HomePage/Modal/Modal.tsx": {
    "path": "/Users/maria/Desktop/reactProject/reactProject-1/vite-project/src/pages/HomePage/Modal/Modal.tsx",
    "statementMap": {
      "0": {
        "start": {
          "line": 5,
          "column": 0
        },
        "end": {
          "line": 15,
          "column": 1
        }
      },
      "1": {
        "start": {
          "line": 6,
          "column": 2
        },
        "end": {
          "line": 8,
          "column": 3
        }
      },
      "2": {
        "start": {
          "line": 7,
          "column": 4
        },
        "end": {
          "line": 7,
          "column": 165
        }
      },
      "3": {
        "start": {
          "line": 9,
          "column": 2
        },
        "end": {
          "line": 9,
          "column": 39
        }
      },
      "4": {
        "start": {
          "line": 10,
          "column": 2
        },
        "end": {
          "line": 10,
          "column": 39
        }
      },
      "5": {
        "start": {
          "line": 11,
          "column": 2
        },
        "end": {
          "line": 13,
          "column": 4
        }
      },
      "6": {
        "start": {
          "line": 12,
          "column": 4
        },
        "end": {
          "line": 12,
          "column": 140
        }
      },
      "7": {
        "start": {
          "line": 14,
          "column": 2
        },
        "end": {
          "line": 14,
          "column": 75
        }
      },
      "8": {
        "start": {
          "line": 16,
          "column": 9
        },
        "end": {
          "line": 16,
          "column": 23
        }
      },
      "9": {
        "start": {
          "line": 24,
          "column": 2
        },
        "end": {
          "line": 24,
          "column": 7
        }
      },
      "10": {
        "start": {
          "line": 27,
          "column": 6
        },
        "end": {
          "line": 27,
          "column": 42
        }
      },
      "11": {
        "start": {
          "line": 28,
          "column": 22
        },
        "end": {
          "line": 30,
          "column": 3
        }
      },
      "12": {
        "start": {
          "line": 29,
          "column": 4
        },
        "end": {
          "line": 29,
          "column": 27
        }
      },
      "13": {
        "start": {
          "line": 31,
          "column": 2
        },
        "end": {
          "line": 96,
          "column": 11
        }
      },
      "14": {
        "start": {
          "line": 98,
          "column": 0
        },
        "end": {
          "line": 100,
          "column": 3
        }
      },
      "15": {
        "start": {
          "line": 99,
          "column": 2
        },
        "end": {
          "line": 99,
          "column": 35
        }
      },
      "16": {
        "start": {
          "line": 101,
          "column": 0
        },
        "end": {
          "line": 101,
          "column": 11
        }
      },
      "17": {
        "start": {
          "line": 103,
          "column": 0
        },
        "end": {
          "line": 103,
          "column": 26
        }
      },
      "18": {
        "start": {
          "line": 104,
          "column": 0
        },
        "end": {
          "line": 120,
          "column": 1
        }
      },
      "19": {
        "start": {
          "line": 105,
          "column": 2
        },
        "end": {
          "line": 105,
          "column": 39
        }
      },
      "20": {
        "start": {
          "line": 106,
          "column": 2
        },
        "end": {
          "line": 106,
          "column": 39
        }
      },
      "21": {
        "start": {
          "line": 107,
          "column": 2
        },
        "end": {
          "line": 119,
          "column": 5
        }
      },
      "22": {
        "start": {
          "line": 111,
          "column": 4
        },
        "end": {
          "line": 111,
          "column": 166
        }
      },
      "23": {
        "start": {
          "line": 112,
          "column": 4
        },
        "end": {
          "line": 118,
          "column": 7
        }
      },
      "24": {
        "start": {
          "line": 113,
          "column": 6
        },
        "end": {
          "line": 114,
          "column": 15
        }
      },
      "25": {
        "start": {
          "line": 114,
          "column": 8
        },
        "end": {
          "line": 114,
          "column": 15
        }
      },
      "26": {
        "start": {
          "line": 115,
          "column": 32
        },
        "end": {
          "line": 115,
          "column": 115
        }
      },
      "27": {
        "start": {
          "line": 116,
          "column": 6
        },
        "end": {
          "line": 117,
          "column": 54
        }
      },
      "28": {
        "start": {
          "line": 117,
          "column": 8
        },
        "end": {
          "line": 117,
          "column": 54
        }
      }
    },
    "fnMap": {
      "0": {
        "name": "(anonymous_0)",
        "decl": {
          "start": {
            "line": 11,
            "column": 24
          },
          "end": {
            "line": 11,
            "column": 25
          }
        },
        "loc": {
          "start": {
            "line": 11,
            "column": 38
          },
          "end": {
            "line": 13,
            "column": 3
          }
        },
        "line": 11
      },
      "1": {
        "name": "Modal",
        "decl": {
          "start": {
            "line": 20,
            "column": 16
          },
          "end": {
            "line": 20,
            "column": 21
          }
        },
        "loc": {
          "start": {
            "line": 23,
            "column": 3
          },
          "end": {
            "line": 97,
            "column": 1
          }
        },
        "line": 23
      },
      "2": {
        "name": "(anonymous_2)",
        "decl": {
          "start": {
            "line": 28,
            "column": 22
          },
          "end": {
            "line": 28,
            "column": 23
          }
        },
        "loc": {
          "start": {
            "line": 28,
            "column": 28
          },
          "end": {
            "line": 30,
            "column": 3
          }
        },
        "line": 28
      },
      "3": {
        "name": "(anonymous_3)",
        "decl": {
          "start": {
            "line": 98,
            "column": 49
          },
          "end": {
            "line": 98,
            "column": 50
          }
        },
        "loc": {
          "start": {
            "line": 98,
            "column": 60
          },
          "end": {
            "line": 100,
            "column": 1
          }
        },
        "line": 98
      },
      "4": {
        "name": "(anonymous_4)",
        "decl": {
          "start": {
            "line": 110,
            "column": 9
          },
          "end": {
            "line": 110,
            "column": 10
          }
        },
        "loc": {
          "start": {
            "line": 110,
            "column": 29
          },
          "end": {
            "line": 119,
            "column": 3
          }
        },
        "line": 110
      },
      "5": {
        "name": "(anonymous_5)",
        "decl": {
          "start": {
            "line": 112,
            "column": 27
          },
          "end": {
            "line": 112,
            "column": 28
          }
        },
        "loc": {
          "start": {
            "line": 112,
            "column": 44
          },
          "end": {
            "line": 118,
            "column": 5
          }
        },
        "line": 112
      }
    },
    "branchMap": {
      "0": {
        "loc": {
          "start": {
            "line": 5,
            "column": 0
          },
          "end": {
            "line": 15,
            "column": 1
          }
        },
        "type": "if",
        "locations": [
          {
            "start": {
              "line": 5,
              "column": 0
            },
            "end": {
              "line": 15,
              "column": 1
            }
          },
          {
            "start": {},
            "end": {}
          }
        ],
        "line": 5
      },
      "1": {
        "loc": {
          "start": {
            "line": 6,
            "column": 2
          },
          "end": {
            "line": 8,
            "column": 3
          }
        },
        "type": "if",
        "locations": [
          {
            "start": {
              "line": 6,
              "column": 2
            },
            "end": {
              "line": 8,
              "column": 3
            }
          },
          {
            "start": {},
            "end": {}
          }
        ],
        "line": 6
      },
      "2": {
        "loc": {
          "start": {
            "line": 104,
            "column": 0
          },
          "end": {
            "line": 120,
            "column": 1
          }
        },
        "type": "if",
        "locations": [
          {
            "start": {
              "line": 104,
              "column": 0
            },
            "end": {
              "line": 120,
              "column": 1
            }
          },
          {
            "start": {},
            "end": {}
          }
        ],
        "line": 104
      },
      "3": {
        "loc": {
          "start": {
            "line": 113,
            "column": 6
          },
          "end": {
            "line": 114,
            "column": 15
          }
        },
        "type": "if",
        "locations": [
          {
            "start": {
              "line": 113,
              "column": 6
            },
            "end": {
              "line": 114,
              "column": 15
            }
          },
          {
            "start": {},
            "end": {}
          }
        ],
        "line": 113
      },
      "4": {
        "loc": {
          "start": {
            "line": 116,
            "column": 6
          },
          "end": {
            "line": 117,
            "column": 54
          }
        },
        "type": "if",
        "locations": [
          {
            "start": {
              "line": 116,
              "column": 6
            },
            "end": {
              "line": 117,
              "column": 54
            }
          },
          {
            "start": {},
            "end": {}
          }
        ],
        "line": 116
      }
    },
    "s": {
      "0": 30,
      "1": 30,
      "2": 0,
      "3": 30,
      "4": 30,
      "5": 30,
      "6": 30,
      "7": 30,
      "8": 30,
      "9": 0,
      "10": 0,
      "11": 0,
      "12": 0,
      "13": 0,
      "14": 30,
      "15": 0,
      "16": 30,
      "17": 30,
      "18": 30,
      "19": 30,
      "20": 30,
      "21": 30,
      "22": 23,
      "23": 23,
      "24": 0,
      "25": 0,
      "26": 0,
      "27": 0,
      "28": 0
    },
    "f": {
      "0": 30,
      "1": 0,
      "2": 0,
      "3": 0,
      "4": 23,
      "5": 0
    },
    "b": {
      "0": [
        30,
        0
      ],
      "1": [
        0,
        30
      ],
      "2": [
        30,
        0
      ],
      "3": [
        0,
        0
      ],
      "4": [
        0,
        0
      ]
    },
    "inputSourceMap": {
      "version": 3,
      "mappings": "AAoBU;;;;;;;;;;;;;;;;AApBV,OAAOA,gBAAgB;AACvB,OAAO;AACP,SAASC,+BAA+B;AAOjC,gBAASC,MAAM;AAAA,EAAEC;AAAAA,EAAaC;AAAwB,GAAG;AAAAC;AAC9D,QAAM;AAAA,IAAEC;AAAAA,EAAK,IAAIL,wBAAwBE,WAAW;AAEpD,QAAMI,cAAcA,MAAM;AACxBH,oBAAgB,KAAK;AAAA,EACvB;AAEA,SACE,uBAAC,SAAI,WAAU,SACb;AAAA,2BAAC,SAAI,WAAU,WACb;AAAA,6BAAC,SAAI,WAAU,aACb;AAAA,+BAAC,SAAI,WAAU,OAAM,KAAKE,MAAME,KAAKC,SAAS,KAAI,aAAlD;AAAA;AAAA;AAAA;AAAA,eAA2D;AAAA,QAC3D,uBAAC,SAAI,WAAU,cAAa;AAAA;AAAA,UAAUH,MAAMI,KAAKC;AAAAA,aAAjD;AAAA;AAAA;AAAA;AAAA,eAAsD;AAAA,QACtD,uBAAC,SAAI,WAAU,eAAc;AAAA;AAAA,UAAQL,MAAMM;AAAAA,aAA3C;AAAA;AAAA;AAAA;AAAA,eAAiD;AAAA,QACjD,uBAAC,SAAI,WAAU,iBAAgB;AAAA;AAAA,UAAQN,MAAMO;AAAAA,aAA7C;AAAA;AAAA;AAAA;AAAA,eAAwD;AAAA,QACxD,uBAAC,SAAI,WAAU,qBAAqBP,gBAAMQ,eAA1C;AAAA;AAAA;AAAA;AAAA,eAAsD;AAAA,WALxD;AAAA;AAAA;AAAA;AAAA,aAMA;AAAA,MACA,uBAAC,UAAK,WAAU,SAAQ,SAASP,aAC/B,iCAAC,gBAAD;AAAA;AAAA;AAAA;AAAA,aAAW,KADb;AAAA;AAAA;AAAA;AAAA,aAEA;AAAA,SAVF;AAAA;AAAA;AAAA;AAAA,WAWA;AAAA,IACA,uBAAC,SAAI,WAAU,UAAf;AAAA;AAAA;AAAA;AAAA,WAAsB;AAAA,OAbxB;AAAA;AAAA;AAAA;AAAA,SAcA;AAEJ;AAACF,GAxBeH,OAAK;AAAA,UACFD,uBAAuB;AAAA;AAAAc,KAD1Bb;AAAK;AAAAc",
      "names": [
        "CloseModal",
        "useSearchPhotoByIdQuery",
        "Modal",
        "cardVisible",
        "setModalVisible",
        "_s",
        "data",
        "hanldeClick",
        "urls",
        "regular",
        "user",
        "name",
        "likes",
        "created_at",
        "description",
        "_c",
        "$RefreshReg$"
      ],
      "sources": [
        "/Users/maria/Desktop/reactProject/reactProject-1/vite-project/src/pages/HomePage/Modal/Modal.tsx"
      ],
      "file": "/Users/maria/Desktop/reactProject/reactProject-1/vite-project/src/pages/HomePage/Modal/Modal.tsx"
    },
    "_coverageSchema": "1a1c01bbd47fc00a2c39e90264f33305004495a9",
    "hash": "f3cc7ad7153d29fd662ef82cbec690e9c0b1e4d3"
  },
  "/Users/maria/Desktop/reactProject/reactProject-1/vite-project/src/store/hooks/redux.ts": {
    "path": "/Users/maria/Desktop/reactProject/reactProject-1/vite-project/src/store/hooks/redux.ts",
    "statementMap": {
      "0": {
        "start": {
          "line": 2,
          "column": 30
        },
        "end": {
          "line": 2,
          "column": 41
        }
      },
      "1": {
        "start": {
          "line": 3,
          "column": 30
        },
        "end": {
          "line": 3,
          "column": 49
        }
      },
      "2": {
        "start": {
          "line": 3,
          "column": 36
        },
        "end": {
          "line": 3,
          "column": 49
        }
      }
    },
    "fnMap": {
      "0": {
        "name": "(anonymous_0)",
        "decl": {
          "start": {
            "line": 3,
            "column": 30
          },
          "end": {
            "line": 3,
            "column": 31
          }
        },
        "loc": {
          "start": {
            "line": 3,
            "column": 36
          },
          "end": {
            "line": 3,
            "column": 49
          }
        },
        "line": 3
      }
    },
    "branchMap": {},
    "s": {
      "0": 30,
      "1": 30,
      "2": 224
    },
    "f": {
      "0": 224
    },
    "b": {},
    "inputSourceMap": {
      "version": 3,
      "sources": [
        "/Users/maria/Desktop/reactProject/reactProject-1/vite-project/src/store/hooks/redux.ts"
      ],
      "mappings": "AAAA,SAA+B,aAAa,mBAAmB;AAGxD,aAAM,iBAAqD;AAC3D,aAAM,iBAAiB,MAAM,YAA6B;",
      "names": []
    },
    "_coverageSchema": "1a1c01bbd47fc00a2c39e90264f33305004495a9",
    "hash": "bf64941018375cdf55de5b117239f180f1516ac4"
  },
  "/Users/maria/Desktop/reactProject/reactProject-1/vite-project/src/pages/HomePage/cardList/cardList.tsx": {
    "path": "/Users/maria/Desktop/reactProject/reactProject-1/vite-project/src/pages/HomePage/cardList/cardList.tsx",
    "statementMap": {
      "0": {
        "start": {
          "line": 5,
          "column": 0
        },
        "end": {
          "line": 15,
          "column": 1
        }
      },
      "1": {
        "start": {
          "line": 6,
          "column": 2
        },
        "end": {
          "line": 8,
          "column": 3
        }
      },
      "2": {
        "start": {
          "line": 7,
          "column": 4
        },
        "end": {
          "line": 7,
          "column": 165
        }
      },
      "3": {
        "start": {
          "line": 9,
          "column": 2
        },
        "end": {
          "line": 9,
          "column": 39
        }
      },
      "4": {
        "start": {
          "line": 10,
          "column": 2
        },
        "end": {
          "line": 10,
          "column": 39
        }
      },
      "5": {
        "start": {
          "line": 11,
          "column": 2
        },
        "end": {
          "line": 13,
          "column": 4
        }
      },
      "6": {
        "start": {
          "line": 12,
          "column": 4
        },
        "end": {
          "line": 12,
          "column": 146
        }
      },
      "7": {
        "start": {
          "line": 14,
          "column": 2
        },
        "end": {
          "line": 14,
          "column": 75
        }
      },
      "8": {
        "start": {
          "line": 16,
          "column": 9
        },
        "end": {
          "line": 16,
          "column": 23
        }
      },
      "9": {
        "start": {
          "line": 26,
          "column": 2
        },
        "end": {
          "line": 26,
          "column": 7
        }
      },
      "10": {
        "start": {
          "line": 27,
          "column": 16
        },
        "end": {
          "line": 27,
          "column": 61
        }
      },
      "11": {
        "start": {
          "line": 27,
          "column": 42
        },
        "end": {
          "line": 27,
          "column": 60
        }
      },
      "12": {
        "start": {
          "line": 31,
          "column": 6
        },
        "end": {
          "line": 31,
          "column": 33
        }
      },
      "13": {
        "start": {
          "line": 32,
          "column": 38
        },
        "end": {
          "line": 32,
          "column": 50
        }
      },
      "14": {
        "start": {
          "line": 33,
          "column": 40
        },
        "end": {
          "line": 33,
          "column": 55
        }
      },
      "15": {
        "start": {
          "line": 34,
          "column": 2
        },
        "end": {
          "line": 39,
          "column": 13
        }
      },
      "16": {
        "start": {
          "line": 35,
          "column": 4
        },
        "end": {
          "line": 39,
          "column": 13
        }
      },
      "17": {
        "start": {
          "line": 40,
          "column": 2
        },
        "end": {
          "line": 45,
          "column": 13
        }
      },
      "18": {
        "start": {
          "line": 41,
          "column": 4
        },
        "end": {
          "line": 45,
          "column": 13
        }
      },
      "19": {
        "start": {
          "line": 46,
          "column": 2
        },
        "end": {
          "line": 70,
          "column": 11
        }
      },
      "20": {
        "start": {
          "line": 52,
          "column": 127
        },
        "end": {
          "line": 56,
          "column": 12
        }
      },
      "21": {
        "start": {
          "line": 72,
          "column": 0
        },
        "end": {
          "line": 74,
          "column": 3
        }
      },
      "22": {
        "start": {
          "line": 73,
          "column": 2
        },
        "end": {
          "line": 73,
          "column": 48
        }
      },
      "23": {
        "start": {
          "line": 75,
          "column": 0
        },
        "end": {
          "line": 75,
          "column": 14
        }
      },
      "24": {
        "start": {
          "line": 77,
          "column": 0
        },
        "end": {
          "line": 77,
          "column": 29
        }
      },
      "25": {
        "start": {
          "line": 78,
          "column": 0
        },
        "end": {
          "line": 94,
          "column": 1
        }
      },
      "26": {
        "start": {
          "line": 79,
          "column": 2
        },
        "end": {
          "line": 79,
          "column": 39
        }
      },
      "27": {
        "start": {
          "line": 80,
          "column": 2
        },
        "end": {
          "line": 80,
          "column": 39
        }
      },
      "28": {
        "start": {
          "line": 81,
          "column": 2
        },
        "end": {
          "line": 93,
          "column": 5
        }
      },
      "29": {
        "start": {
          "line": 85,
          "column": 4
        },
        "end": {
          "line": 85,
          "column": 172
        }
      },
      "30": {
        "start": {
          "line": 86,
          "column": 4
        },
        "end": {
          "line": 92,
          "column": 7
        }
      },
      "31": {
        "start": {
          "line": 87,
          "column": 6
        },
        "end": {
          "line": 88,
          "column": 15
        }
      },
      "32": {
        "start": {
          "line": 88,
          "column": 8
        },
        "end": {
          "line": 88,
          "column": 15
        }
      },
      "33": {
        "start": {
          "line": 89,
          "column": 32
        },
        "end": {
          "line": 89,
          "column": 115
        }
      },
      "34": {
        "start": {
          "line": 90,
          "column": 6
        },
        "end": {
          "line": 91,
[...]
          },
          {
            "start": {},
            "end": {}
          }
        ],
        "line": 119
      },
      "5": {
        "loc": {
          "start": {
            "line": 122,
            "column": 6
          },
          "end": {
            "line": 123,
            "column": 54
          }
        },
        "type": "if",
        "locations": [
          {
            "start": {
              "line": 122,
              "column": 6
            },
            "end": {
              "line": 123,
              "column": 54
            }
          },
          {
            "start": {},
            "end": {}
          }
        ],
        "line": 122
      }
    },
    "s": {
      "0": 30,
      "1": 30,
      "2": 0,
      "3": 30,
      "4": 30,
      "5": 30,
      "6": 30,
      "7": 30,
      "8": 30,
      "9": 104,
      "10": 104,
      "11": 104,
      "12": 56,
      "13": 24,
      "14": 24,
      "15": 8,
      "16": 8,
      "17": 12,
      "18": 12,
      "19": 104,
      "20": 0,
      "21": 104,
      "22": 0,
      "23": 0,
      "24": 0,
      "25": 30,
      "26": 30,
      "27": 30,
      "28": 30,
      "29": 30,
      "30": 30,
      "31": 30,
      "32": 23,
      "33": 23,
      "34": 0,
      "35": 0,
      "36": 0,
      "37": 0,
      "38": 0
    },
    "f": {
      "0": 30,
      "1": 104,
      "2": 56,
      "3": 0,
      "4": 0,
      "5": 0,
      "6": 0,
      "7": 23,
      "8": 0
    },
    "b": {
      "0": [
        30,
        0
      ],
      "1": [
        0,
        30
      ],
      "2": [
        24,
        8,
        12
      ],
      "3": [
        30,
        0
      ],
      "4": [
        0,
        0
      ],
      "5": [
        0,
        0
      ]
    },
    "inputSourceMap": {
      "version": 3,
      "mappings": "AA2BI,mBAIQ,cAJR;;;;;;;;;;;;;;;;AA3BJ,SAAgBA,WAAWC,gBAAgB;AAC3C,SAASC,SAASC,cAAc;AAChC,OAAO;AACP,SAASC,cAAc;AAEvB,SAASC,SAAS;AAAAC;AAChB,QAAM,CAACC,UAAUC,WAAW,IAAIP,SAAS,EAAE;AAE3CD,YAAU,MAAM;AACd,YAAQS,OAAOC,SAASC,UAAQ;AAAA,MAC9B,KAAK;AACHH,oBAAY,MAAM;AAClB;AAAA,MACF,KAAK;AACHA,oBAAY,UAAU;AACtB;AAAA,MACF,KAAK;AACHA,oBAAY,MAAM;AAClB;AAAA,IACJ;AAAA,EACF,GAAG,EAAE;AAEL,QAAMI,cAAcA,CAACC,SAAiB;AACpCL,gBAAYK,IAAI;AAAA,EAClB;AAEA,SACE,mCACE;AAAA,2BAAC,YAAO,WAAU,UAChB,iCAAC,SAAI,WAAU,sBACb,iCAAC,QAAG,WAAU,oBACZ;AAAA,6BAAC,QAAG,WAAU,oBAAmB;AAAA;AAAA,QAAeN;AAAAA,WAAhD;AAAA;AAAA;AAAA;AAAA,aAAyD;AAAA,MACzD,uBAAC,QAAG,WAAU,oBACZ,iCAAC,WACC,WAAU,oBACV,IAAIH,OAAOU,MACX,SAAS,MAAMF,YAAY,MAAM,GAAE,oBAHrC;AAAA;AAAA;AAAA;AAAA,aAMA,KAPF;AAAA;AAAA;AAAA;AAAA,aAQA;AAAA,MACA,uBAAC,QAAG,WAAU,oBACZ,iCAAC,WACC,WAAU,oBACV,IAAIR,OAAOW,UACX,SAAS,MAAMH,YAAY,OAAO,GAAE,wBAHtC;AAAA;AAAA;AAAA;AAAA,aAMA,KAPF;AAAA;AAAA;AAAA;AAAA,aAQA;AAAA,MACA,uBAAC,QAAG,WAAU,oBACZ,iCAAC,WACC,WAAU,oBACV,IAAIR,OAAOY,MACX,SAAS,MAAMJ,YAAY,MAAM,GAAE,oBAHrC;AAAA;AAAA;AAAA;AAAA,aAMA,KAPF;AAAA;AAAA;AAAA;AAAA,aAQA;AAAA,SA5BF;AAAA;AAAA;AAAA;AAAA,WA6BA,KA9BF;AAAA;AAAA;AAAA;AAAA,WA+BA,KAhCF;AAAA;AAAA;AAAA;AAAA,WAiCA;AAAA,IACA,uBAAC,UAAK,WAAU,aACd,iCAAC,YAAD;AAAA;AAAA;AAAA;AAAA,WAAO,KADT;AAAA;AAAA;AAAA;AAAA,WAEA;AAAA,OArCF;AAAA;AAAA;AAAA;AAAA,SAsCA;AAEJ;AAACN,GA9DQD,QAAM;AAAAY,KAANZ;AAgET,eAAeA;AAAO;AAAAa",
      "names": [
        "useEffect",
        "useState",
        "NavLink",
        "Outlet",
        "Pathes",
        "Header",
        "_s",
        "namePage",
        "setNamePage",
        "window",
        "location",
        "pathname",
        "handleClick",
        "name",
        "Home",
        "About_Us",
        "Form",
        "_c",
        "$RefreshReg$"
      ],
      "sources": [
        "/Users/maria/Desktop/reactProject/reactProject-1/vite-project/src/components/header/header.tsx"
      ],
      "file": "/Users/maria/Desktop/reactProject/reactProject-1/vite-project/src/components/header/header.tsx"
    },
    "_coverageSchema": "1a1c01bbd47fc00a2c39e90264f33305004495a9",
    "hash": "1d428ea99c9475e9a1b29466a0e32c05c0b99d30"
  },
  "/Users/maria/Desktop/reactProject/reactProject-1/vite-project/src/App.tsx": {
    "path": "/Users/maria/Desktop/reactProject/reactProject-1/vite-project/src/App.tsx",
    "statementMap": {
      "0": {
        "start": {
          "line": 5,
          "column": 0
        },
        "end": {
          "line": 15,
          "column": 1
        }
      },
      "1": {
        "start": {
          "line": 6,
          "column": 2
        },
        "end": {
          "line": 8,
          "column": 3
        }
      },
      "2": {
        "start": {
          "line": 7,
          "column": 4
        },
        "end": {
          "line": 7,
          "column": 165
        }
      },
      "3": {
        "start": {
          "line": 9,
          "column": 2
        },
        "end": {
          "line": 9,
          "column": 39
        }
      },
      "4": {
        "start": {
          "line": 10,
          "column": 2
        },
        "end": {
          "line": 10,
          "column": 39
        }
      },
      "5": {
        "start": {
          "line": 11,
          "column": 2
        },
        "end": {
          "line": 13,
          "column": 4
        }
      },
      "6": {
        "start": {
          "line": 12,
          "column": 4
        },
        "end": {
          "line": 12,
          "column": 117
        }
      },
      "7": {
        "start": {
          "line": 14,
          "column": 2
        },
        "end": {
          "line": 14,
          "column": 75
        }
      },
      "8": {
        "start": {
          "line": 25,
          "column": 2
        },
        "end": {
          "line": 86,
          "column": 11
        }
      },
      "9": {
        "start": {
          "line": 88,
          "column": 0
        },
        "end": {
          "line": 88,
          "column": 9
        }
      },
      "10": {
        "start": {
          "line": 91,
          "column": 0
        },
        "end": {
          "line": 91,
          "column": 24
        }
      },
      "11": {
        "start": {
          "line": 92,
          "column": 0
        },
        "end": {
          "line": 108,
          "column": 1
        }
      },
      "12": {
        "start": {
          "line": 93,
          "column": 2
        },
        "end": {
          "line": 93,
          "column": 39
        }
      },
      "13": {
        "start": {
          "line": 94,
          "column": 2
        },
        "end": {
          "line": 94,
          "column": 39
        }
      },
      "14": {
        "start": {
          "line": 95,
          "column": 2
        },
        "end": {
          "line": 107,
          "column": 5
        }
      },
      "15": {
        "start": {
          "line": 99,
          "column": 4
        },
        "end": {
          "line": 99,
          "column": 143
        }
      },
      "16": {
        "start": {
          "line": 100,
          "column": 4
        },
        "end": {
          "line": 106,
          "column": 7
        }
      },
      "17": {
        "start": {
          "line": 101,
          "column": 6
        },
        "end": {
          "line": 102,
          "column": 15
        }
      },
      "18": {
        "start": {
          "line": 102,
          "column": 8
        },
        "end": {
          "line": 102,
          "column": 15
        }
      },
      "19": {
        "start": {
          "line": 103,
          "column": 32
        },
        "end": {
          "line": 103,
          "column": 115
        }
      },
      "20": {
        "start": {
          "line": 104,
          "column": 6
        },
        "end": {
          "line": 105,
          "column": 54
        }
      },
      "21": {
        "start": {
          "line": 105,
          "column": 8
        },
        "end": {
          "line": 105,
          "column": 54
        }
      }
    },
    "fnMap": {
      "0": {
        "name": "(anonymous_0)",
        "decl": {
          "start": {
            "line": 11,
            "column": 24
          },
          "end": {
            "line": 11,
            "column": 25
          }
        },
        "loc": {
          "start": {
            "line": 11,
            "column": 38
          },
          "end": {
            "line": 13,
            "column": 3
          }
        },
        "line": 11
      },
      "1": {
        "name": "App",
        "decl": {
          "start": {
            "line": 24,
            "column": 9
          },
          "end": {
            "line": 24,
            "column": 12
          }
        },
        "loc": {
          "start": {
            "line": 24,
            "column": 15
          },
          "end": {
            "line": 87,
            "column": 1
          }
        },
        "line": 24
      },
      "2": {
        "name": "(anonymous_2)",
        "decl": {
          "start": {
            "line": 98,
            "column": 9
          },
          "end": {
            "line": 98,
            "column": 10
          }
        },
        "loc": {
          "start": {
            "line": 98,
            "column": 29
          },
          "end": {
            "line": 107,
            "column": 3
          }
        },
        "line": 98
      },
      "3": {
        "name": "(anonymous_3)",
        "decl": {
          "start": {
            "line": 100,
            "column": 27
          },
          "end": {
            "line": 100,
            "column": 28
          }
        },
        "loc": {
          "start": {
            "line": 100,
            "column": 44
          },
          "end": {
            "line": 106,
            "column": 5
          }
        },
        "line": 100
      }
    },
    "branchMap": {
      "0": {
        "loc": {
          "start": {
            "line": 5,
            "column": 0
          },
          "end": {
            "line": 15,
            "column": 1
          }
        },
        "type": "if",
        "locations": [
          {
            "start": {
              "line": 5,
              "column": 0
            },
            "end": {
              "line": 15,
              "column": 1
            }
          },
          {
            "start": {},
            "end": {}
          }
        ],
        "line": 5
      },
      "1": {
        "loc": {
          "start": {
            "line": 6,
            "column": 2
          },
          "end": {
            "line": 8,
            "column": 3
          }
        },
        "type": "if",
        "locations": [
          {
            "start": {
              "line": 6,
              "column": 2
            },
            "end": {
              "line": 8,
              "column": 3
            }
          },
          {
            "start": {},
            "end": {}
          }
        ],
        "line": 6
      },
      "2": {
        "loc": {
          "start": {
            "line": 92,
            "column": 0
          },
          "end": {
            "line": 108,
            "column": 1
          }
        },
        "type": "if",
        "locations": [
          {
            "start": {
              "line": 92,
              "column": 0
            },
            "end": {
              "line": 108,
              "column": 1
            }
          },
          {
            "start": {},
            "end": {}
          }
        ],
        "line": 92
      },
      "3": {
        "loc": {
          "start": {
            "line": 101,
            "column": 6
          },
          "end": {
            "line": 102,
            "column": 15
          }
        },
        "type": "if",
        "locations": [
          {
            "start": {
              "line": 101,
              "column": 6
            },
            "end": {
              "line": 102,
              "column": 15
            }
          },
          {
            "start": {},
            "end": {}
          }
        ],
        "line": 101
      },
      "4": {
        "loc": {
          "start": {
            "line": 104,
            "column": 6
          },
          "end": {
            "line": 105,
            "column": 54
          }
        },
        "type": "if",
        "locations": [
          {
            "start": {
              "line": 104,
              "column": 6
            },
            "end": {
              "line": 105,
              "column": 54
            }
          },
          {
            "start": {},
            "end": {}
          }
        ],
        "line": 104
      }
    },
    "s": {
      "0": 30,
      "1": 30,
      "2": 0,
      "3": 30,
      "4": 30,
      "5": 30,
      "6": 30,
      "7": 30,
      "8": 60,
      "9": 30,
      "10": 30,
      "11": 30,
      "12": 30,
      "13": 30,
      "14": 30,
      "15": 23,
      "16": 23,
      "17": 0,
      "18": 0,
      "19": 0,
      "20": 0,
      "21": 0
    },
    "f": {
      "0": 30,
      "1": 60,
      "2": 23,
      "3": 0
    },
    "b": {
      "0": [
        30,
        0
      ],
      "1": [
        0,
        30
      ],
      "2": [
        30,
        0
      ],
      "3": [
        0,
        0
      ],
      "4": [
        0,
        0
      ]
    },
    "inputSourceMap": {
      "version": 3,
      "mappings": "AAYI,mBACE,cADF;AAZJ,2BAAwBA;AAAgB;AAAkB;AAAA;AAAA;AAAA;AAAA;AAAA;AAAA;AAAA;AAAA;AAAA;AAAA;AAAA;AAAA;AAC1D,OAAO;AAEP,OAAOC,cAAc;AACrB,OAAOC,iBAAiB;AACxB,OAAOC,cAAc;AACrB,OAAOC,kBAAkB;AACzB,SAASC,cAAc;AACvB,OAAOC,YAAY;AAEnB,SAASC,MAAM;AACb,SACE,mCACE;AAAA,2BAAC,YAAD;AAAA;AAAA;AAAA;AAAA,WAAO;AAAA,IACP,uBAAC,UACC;AAAA,6BAAC,SAAM,MAAMF,OAAOG,MAAM,SAAS,uBAAC,cAAD;AAAA;AAAA;AAAA;AAAA,aAAS,KAA5C;AAAA;AAAA;AAAA;AAAA,aAAiD;AAAA,MACjD,uBAAC,SAAM,MAAMH,OAAOI,UAAU,SAAS,uBAAC,iBAAD;AAAA;AAAA;AAAA;AAAA,aAAY,KAAnD;AAAA;AAAA;AAAA;AAAA,aAAwD;AAAA,MACxD,uBAAC,SAAM,MAAMJ,OAAOK,MAAM,SAAS,uBAAC,cAAD;AAAA;AAAA;AAAA;AAAA,aAAS,KAA5C;AAAA;AAAA;AAAA;AAAA,aAAiD;AAAA,MACjD,uBAAC,SAAM,MAAML,OAAOM,UAAU,SAAS,uBAAC,kBAAD;AAAA;AAAA;AAAA;AAAA,aAAa,KAApD;AAAA;AAAA;AAAA;AAAA,aAAyD;AAAA,MACzD,uBAAC,SAAM,MAAMN,OAAOO,WAAW,SAAS,uBAAC,YAAS,IAAIP,OAAOM,YAArB;AAAA;AAAA;AAAA;AAAA,aAA8B,KAAtE;AAAA;AAAA;AAAA;AAAA,aAA2E;AAAA,SAL7E;AAAA;AAAA;AAAA;AAAA,WAMA;AAAA,OARF;AAAA;AAAA;AAAA;AAAA,SASA;AAEJ;AAACE,KAbQN;AAeT,eAAeA;AAAI;AAAAO",
      "names": [
        "Navigate",
        "HomePage",
        "AboutUsPage",
        "FormPage",
        "NotFoundPage",
        "Pathes",
        "Header",
        "App",
        "Home",
        "About_Us",
        "Form",
        "NotFound",
        "Not_Found",
        "_c",
        "$RefreshReg$"
      ],
      "sources": [
        "/Users/maria/Desktop/reactProject/reactProject-1/vite-project/src/App.tsx"
      ],
      "file": "/Users/maria/Desktop/reactProject/reactProject-1/vite-project/src/App.tsx"
    },
    "_coverageSchema": "1a1c01bbd47fc00a2c39e90264f33305004495a9",
    "hash": "16ef8362421d43f79091289ea57567e0fe948ac4"
  },
  "/Users/maria/Desktop/reactProject/reactProject-1/vite-project/src/store/formSlice.ts": {
    "path": "/Users/maria/Desktop/reactProject/reactProject-1/vite-project/src/store/formSlice.ts",
    "statementMap": {
      "0": {
        "start": {
          "line": 2,
          "column": 18
        },
        "end": {
          "line": 12,
          "column": 2
        }
      },
      "1": {
        "start": {
          "line": 9,
          "column": 6
        },
        "end": {
          "line": 9,
          "column": 39
        }
      },
      "2": {
        "start": {
          "line": 13,
          "column": 31
        },
        "end": {
          "line": 13,
          "column": 48
        }
      }
    },
    "fnMap": {
      "0": {
        "name": "(anonymous_0)",
        "decl": {
          "start": {
            "line": 8,
            "column": 4
          },
          "end": {
            "line": 8,
            "column": 5
          }
        },
        "loc": {
          "start": {
            "line": 8,
            "column": 31
          },
          "end": {
            "line": 10,
            "column": 5
          }
        },
        "line": 8
      }
    },
    "branchMap": {},
    "s": {
      "0": 30,
      "1": 0,
      "2": 30
    },
    "f": {
      "0": 0
    },
    "b": {},
    "inputSourceMap": {
      "version": 3,
      "sources": [
        "/Users/maria/Desktop/reactProject/reactProject-1/vite-project/src/store/formSlice.ts"
      ],
      "mappings": "AAAA,SAAwB,mBAAmB;AAG3C,MAAM,YAAY,YAAY;AAAA,EAC5B,MAAM;AAAA,EACN,cAAc;AAAA,IACZ,OAAO,CAAC;AAAA,EACV;AAAA,EACA,UAAU;AAAA,IACR,YAAY,OAAO,QAAkC;AACnD,YAAM,MAAM,KAAK,OAAO,OAAO;AAAA,IACjC;AAAA,EACF;AACF,CAAC;AAEM,aAAM,EAAE,YAAY,IAAI,UAAU;AACzC,eAAe,UAAU;",
      "names": []
    },
    "_coverageSchema": "1a1c01bbd47fc00a2c39e90264f33305004495a9",
    "hash": "2b04519e7427630ac4e948c19634b15b87fca55f"
  },
  "/Users/maria/Desktop/reactProject/reactProject-1/vite-project/src/store/index.ts": {
    "path": "/Users/maria/Desktop/reactProject/reactProject-1/vite-project/src/store/index.ts",
    "statementMap": {
      "0": {
        "start": {
          "line": 5,
          "column": 21
        },
        "end": {
          "line": 12,
          "column": 2
        }
      },
      "1": {
        "start": {
          "line": 11,
          "column": 40
        },
        "end": {
          "line": 11,
          "column": 91
        }
      }
    },
    "fnMap": {
      "0": {
        "name": "(anonymous_0)",
        "decl": {
          "start": {
            "line": 11,
            "column": 14
          },
          "end": {
            "line": 11,
            "column": 15
          }
        },
        "loc": {
          "start": {
            "line": 11,
            "column": 40
          },
          "end": {
            "line": 11,
            "column": 91
          }
        },
        "line": 11
      }
    },
    "branchMap": {},
    "s": {
      "0": 30,
      "1": 30
    },
    "f": {
      "0": 30
    },
    "b": {},
    "inputSourceMap": {
      "version": 3,
      "sources": [
        "/Users/maria/Desktop/reactProject/reactProject-1/vite-project/src/store/index.ts"
      ],
      "mappings": "AAAA,OAAO,mBAAmB;AAC1B,OAAO,iBAAiB;AACxB,SAAS,mBAAmB;AAC5B,SAAS,sBAAsB;AAExB,aAAM,QAAQ,eAAe;AAAA,EAClC,SAAS;AAAA,IACP,MAAM;AAAA,IACN,QAAQ;AAAA,IACR,CAAC,YAAY,WAAW,GAAG,YAAY;AAAA,EACzC;AAAA,EACA,YAAY,CAAC,yBAAyB,CAAC,GAAG,qBAAqB,GAAG,YAAY,UAAU;AAC1F,CAAC;",
      "names": []
    },
    "_coverageSchema": "1a1c01bbd47fc00a2c39e90264f33305004495a9",
    "hash": "6d7b667dd244f7446f6e80ca2c12320cb9ac0797"
  },
  "/Users/maria/Desktop/reactProject/reactProject-1/vite-project/src/entry-client.tsx": {
    "path": "/Users/maria/Desktop/reactProject/reactProject-1/vite-project/src/entry-client.tsx",
    "statementMap": {
      "0": {
        "start": {
          "line": 9,
          "column": 0
        },
        "end": {
          "line": 25,
          "column": 10
        }
      }
    },
    "fnMap": {},
    "branchMap": {},
    "s": {
      "0": 30
    },
    "f": {},
    "b": {},
    "inputSourceMap": {
      "version": 3,
      "mappings": "AAaQ;AAbR,OAAOA,WAAW;AAClB,OAAOC,cAAc;AACrB,OAAOC,SAAS;AAChB,OAAO;AACP,SAASC,gBAAgB;AACzB,SAASC,aAAa;AACtB,SAASC,qBAAqB;AAE9BJ,SAASK,YACPC,SAASC,eAAe,MAAM,GAC9B,uBAAC,MAAM,YAAN,EACC,iCAAC,YAAS,OACR,iCAAC,iBACC,iCAAC,SAAD;AAAA;AAAA;AAAA;AAAA,OAAI,KADN;AAAA;AAAA;AAAA;AAAA,OAEA,KAHF;AAAA;AAAA;AAAA;AAAA,OAIA,KALF;AAAA;AAAA;AAAA;AAAA,OAMA,CACF",
      "names": [
        "React",
        "ReactDOM",
        "App",
        "Provider",
        "store",
        "BrowserRouter",
        "hydrateRoot",
        "document",
        "getElementById"
      ],
      "sources": [
        "/Users/maria/Desktop/reactProject/reactProject-1/vite-project/src/entry-client.tsx"
      ],
      "file": "/Users/maria/Desktop/reactProject/reactProject-1/vite-project/src/entry-client.tsx"
    },
    "_coverageSchema": "1a1c01bbd47fc00a2c39e90264f33305004495a9",
    "hash": "adf0a54d82e53250c9ae5ab42f800c6716eaef16"
  }
}