{"total": {"lines":{"total":143,"covered":115,"skipped":0,"pct":80.41},"statements":{"total":167,"covered":136,"skipped":0,"pct":81.43},"functions":{"total":55,"covered":36,"skipped":0,"pct":65.45},"branches":{"total":46,"covered":41,"skipped":0,"pct":89.13},"branchesTrue":{"total":0,"covered":0,"skipped":0,"pct":100}}
,"/Users/maria/Desktop/reactProject/reactProject-1/vite-project/src/App.tsx": {"lines":{"total":4,"covered":4,"skipped":0,"pct":100},"functions":{"total":2,"covered":2,"skipped":0,"pct":100},"statements":{"total":4,"covered":4,"skipped":0,"pct":100},"branches":{"total":1,"covered":1,"skipped":0,"pct":100}}
,"/Users/maria/Desktop/reactProject/reactProject-1/vite-project/src/entry-client.tsx": {"lines":{"total":1,"covered":1,"skipped":0,"pct":100},"functions":{"total":0,"covered":0,"skipped":0,"pct":100},"statements":{"total":1,"covered":1,"skipped":0,"pct":100},"branches":{"total":0,"covered":0,"skipped":0,"pct":100}}
,"/Users/maria/Desktop/reactProject/reactProject-1/vite-project/src/components/header/header.tsx": {"lines":{"total":18,"covered":14,"skipped":0,"pct":77.77},"functions":{"total":6,"covered":2,"skipped":0,"pct":33.33},"statements":{"total":19,"covered":15,"skipped":0,"pct":78.94},"branches":{"total":3,"covered":3,"skipped":0,"pct":100}}
,"/Users/maria/Desktop/reactProject/reactProject-1/vite-project/src/pages/AboutUsPage/AboutUSPage.tsx": {"lines":{"total":4,"covered":4,"skipped":0,"pct":100},"functions":{"total":1,"covered":1,"skipped":0,"pct":100},"statements":{"total":4,"covered":4,"skipped":0,"pct":100},"branches":{"total":1,"covered":1,"skipped":0,"pct":100}}
,"/Users/maria/Desktop/reactProject/reactProject-1/vite-project/src/pages/FormPage/FormPage.tsx": {"lines":{"total":8,"covered":6,"skipped":0,"pct":75},"functions":{"total":3,"covered":1,"skipped":0,"pct":33.33},"statements":{"total":9,"covered":7,"skipped":0,"pct":77.77},"branches":{"total":0,"covered":0,"skipped":0,"pct":100}}
,"/Users/maria/Desktop/reactProject/reactProject-1/vite-project/src/pages/FormPage/form/form.tsx": {"lines":{"total":19,"covered":9,"skipped":0,"pct":47.36},"functions":{"total":7,"covered":2,"skipped":0,"pct":28.57},"statements":{"total":21,"covered":11,"skipped":0,"pct":52.38},"branches":{"total":18,"covered":15,"skipped":0,"pct":83.33}}
,"/Users/maria/Desktop/reactProject/reactProject-1/vite-project/src/pages/FormPage/formCard/formCard.tsx": {"lines":{"total":4,"covered":3,"skipped":0,"pct":75},"functions":{"total":2,"covered":1,"skipped":0,"pct":50},"statements":{"total":4,"covered":3,"skipped":0,"pct":75},"branches":{"total":1,"covered":1,"skipped":0,"pct":100}}
,"/Users/maria/Desktop/reactProject/reactProject-1/vite-project/src/pages/HomePage/HomePage.tsx": {"lines":{"total":5,"covered":5,"skipped":0,"pct":100},"functions":{"total":2,"covered":2,"skipped":0,"pct":100},"statements":{"total":5,"covered":5,"skipped":0,"pct":100},"branches":{"total":1,"covered":1,"skipped":0,"pct":100}}
,"/Users/maria/Desktop/reactProject/reactProject-1/vite-project/src/pages/HomePage/Modal/CloseModal.tsx": {"lines":{"total":4,"covered":3,"skipped":0,"pct":75},"functions":{"total":1,"covered":1,"skipped":0,"pct":100},"statements":{"total":5,"covered":4,"skipped":0,"pct":80},"branches":{"total":1,"covered":1,"skipped":0,"pct":100}}
,"/Users/maria/Desktop/reactProject/reactProject-1/vite-project/src/pages/HomePage/Modal/Modal.tsx": {"lines":{"total":6,"covered":3,"skipped":0,"pct":50},"functions":{"total":3,"covered":0,"skipped":0,"pct":0},"statements":{"total":9,"covered":3,"skipped":0,"pct":33.33},"branches":{"total":0,"covered":0,"skipped":0,"pct":100}}
,"/Users/maria/Desktop/reactProject/reactProject-1/vite-project/src/pages/HomePage/Modal/NotFound.tsx": {"lines":{"total":3,"covered":3,"skipped":0,"pct":100},"functions":{"total":1,"covered":1,"skipped":0,"pct":100},"statements":{"total":5,"covered":5,"skipped":0,"pct":100},"branches":{"total":1,"covered":1,"skipped":0,"pct":100}}
,"/Users/maria/Desktop/reactProject/reactProject-1/vite-project/src/pages/HomePage/MyButton/MyButton.tsx": {"lines":{"total":4,"covered":4,"skipped":0,"pct":100},"functions":{"total":2,"covered":2,"skipped":0,"pct":100},"statements":{"total":5,"covered":5,"skipped":0,"pct":100},"branches":{"total":1,"covered":1,"skipped":0,"pct":100}}
,"/Users/maria/Desktop/reactProject/reactProject-1/vite-project/src/pages/HomePage/MyLoader/MyLoader.tsx": {"lines":{"total":3,"covered":3,"skipped":0,"pct":100},"functions":{"total":1,"covered":1,"skipped":0,"pct":100},"statements":{"total":5,"covered":5,"skipped":0,"pct":100},"branches":{"total":1,"covered":1,"skipped":0,"pct":100}}
,"/Users/maria/Desktop/reactProject/reactProject-1/vite-project/src/pages/HomePage/Search/search.tsx": {"lines":{"total":15,"covered":13,"skipped":0,"pct":86.66},"functions":{"total":6,"covered":5,"skipped":0,"pct":83.33},"statements":{"total":18,"covered":16,"skipped":0,"pct":88.88},"branches":{"total":0,"covered":0,"skipped":0,"pct":100}}
,"/Users/maria/Desktop/reactProject/reactProject-1/vite-project/src/pages/HomePage/card/card.tsx": {"lines":{"total":8,"covered":5,"skipped":0,"pct":62.5},"functions":{"total":3,"covered":2,"skipped":0,"pct":66.66},"statements":{"total":8,"covered":5,"skipped":0,"pct":62.5},"branches":{"total":1,"covered":1,"skipped":0,"pct":100}}
,"/Users/maria/Desktop/reactProject/reactProject-1/vite-project/src/pages/HomePage/cardList/cardList.tsx": {"lines":{"total":10,"covered":10,"skipped":0,"pct":100},"functions":{"total":4,"covered":4,"skipped":0,"pct":100},"statements":{"total":16,"covered":16,"skipped":0,"pct":100},"branches":{"total":9,"covered":7,"skipped":0,"pct":77.77}}
,"/Users/maria/Desktop/reactProject/reactProject-1/vite-project/src/pages/NotFoundPage/NotFoundPage.tsx": {"lines":{"total":4,"covered":4,"skipped":0,"pct":100},"functions":{"total":2,"covered":2,"skipped":0,"pct":100},"statements":{"total":4,"covered":4,"skipped":0,"pct":100},"branches":{"total":1,"covered":1,"skipped":0,"pct":100}}
,"/Users/maria/Desktop/reactProject/reactProject-1/vite-project/src/pathes/pathes-enum.ts": {"lines":{"total":6,"covered":6,"skipped":0,"pct":100},"functions":{"total":1,"covered":1,"skipped":0,"pct":100},"statements":{"total":7,"covered":7,"skipped":0,"pct":100},"branches":{"total":2,"covered":2,"skipped":0,"pct":100}}
,"/Users/maria/Desktop/reactProject/reactProject-1/vite-project/src/store/apiSlice.ts": {"lines":{"total":7,"covered":6,"skipped":0,"pct":85.71},"functions":{"total":4,"covered":3,"skipped":0,"pct":75},"statements":{"total":7,"covered":6,"skipped":0,"pct":85.71},"branches":{"total":4,"covered":4,"skipped":0,"pct":100}}
,"/Users/maria/Desktop/reactProject/reactProject-1/vite-project/src/store/formSlice.ts": {"lines":{"total":3,"covered":2,"skipped":0,"pct":66.66},"functions":{"total":1,"covered":0,"skipped":0,"pct":0},"statements":{"total":3,"covered":2,"skipped":0,"pct":66.66},"branches":{"total":0,"covered":0,"skipped":0,"pct":100}}
,"/Users/maria/Desktop/reactProject/reactProject-1/vite-project/src/store/index.ts": {"lines":{"total":2,"covered":2,"skipped":0,"pct":100},"functions":{"total":1,"covered":1,"skipped":0,"pct":100},"statements":{"total":2,"covered":2,"skipped":0,"pct":100},"branches":{"total":0,"covered":0,"skipped":0,"pct":100}}
,"/Users/maria/Desktop/reactProject/reactProject-1/vite-project/src/store/searchSlice.ts": {"lines":{"total":3,"covered":3,"skipped":0,"pct":100},"functions":{"total":1,"covered":1,"skipped":0,"pct":100},"statements":{"total":3,"covered":3,"skipped":0,"pct":100},"branches":{"total":0,"covered":0,"skipped":0,"pct":100}}
,"/Users/maria/Desktop/reactProject/reactProject-1/vite-project/src/store/hooks/redux.ts": {"lines":{"total":2,"covered":2,"skipped":0,"pct":100},"functions":{"total":1,"covered":1,"skipped":0,"pct":100},"statements":{"total":3,"covered":3,"skipped":0,"pct":100},"branches":{"total":0,"covered":0,"skipped":0,"pct":100}}
}
