{"/Users/maria/Desktop/reactProject/reactProject-1/vite-project/src/App.tsx": {"path":"/Users/maria/Desktop/reactProject/reactProject-1/vite-project/src/App.tsx","statementMap":{"0":{"start":{"line":1,"column":58},"end":{"line":1,"column":null}},"1":{"start":{"line":12,"column":2},"end":{"line":22,"column":null}},"2":{"start":{"line":24,"column":1},"end":{"line":11,"column":15}},"3":{"start":{"line":26,"column":19},"end":{"line":26,"column":null}}},"fnMap":{"0":{"name":"(anonymous_0)","decl":{"start":{"line":1,"column":58},"end":{"line":1,"column":null}},"loc":{"start":{"line":1,"column":58},"end":{"line":1,"column":null}}},"1":{"name":"App","decl":{"start":{"line":11,"column":9},"end":{"line":11,"column":15}},"loc":{"start":{"line":11,"column":15},"end":{"line":24,"column":1}}}},"branchMap":{"0":{"loc":{"start":{"line":1,"column":58},"end":{"line":1,"column":null}},"type":"if","locations":[{"start":{"line":1,"column":58},"end":{"line":1,"column":null}}]}},"s":{"0":210,"1":60,"2":30,"3":30},"f":{"0":30,"1":60},"b":{"0":[30]}}
,"/Users/maria/Desktop/reactProject/reactProject-1/vite-project/src/entry-client.tsx": {"path":"/Users/maria/Desktop/reactProject/reactProject-1/vite-project/src/entry-client.tsx","statementMap":{"0":{"start":{"line":9,"column":0},"end":{"line":18,"column":null}}},"fnMap":{},"branchMap":{},"s":{"0":30},"f":{},"b":{}}
,"/Users/maria/Desktop/reactProject/reactProject-1/vite-project/src/components/header/header.tsx": {"path":"/Users/maria/Desktop/reactProject/reactProject-1/vite-project/src/components/header/header.tsx","statementMap":{"0":{"start":{"line":6,"column":18},"end":{"line":6,"column":null}},"1":{"start":{"line":7,"column":34},"end":{"line":7,"column":null}},"2":{"start":{"line":9,"column":2},"end":{"line":21,"column":null}},"3":{"start":{"line":10,"column":4},"end":{"line":20,"column":null}},"4":{"start":{"line":12,"column":8},"end":{"line":12,"column":null}},"5":{"start":{"line":13,"column":8},"end":{"line":13,"column":null}},"6":{"start":{"line":15,"column":8},"end":{"line":15,"column":null}},"7":{"start":{"line":16,"column":8},"end":{"line":16,"column":null}},"8":{"start":{"line":18,"column":8},"end":{"line":18,"column":null}},"9":{"start":{"line":19,"column":8},"end":{"line":19,"column":null}},"10":{"start":{"line":23,"column":22},"end":{"line":25,"column":null}},"11":{"start":{"line":24,"column":4},"end":{"line":24,"column":null}},"12":{"start":{"line":27,"column":2},"end":{"line":66,"column":null}},"13":{"start":{"line":37,"column":31},"end":{"line":37,"column":51}},"14":{"start":{"line":46,"column":31},"end":{"line":46,"column":52}},"15":{"start":{"line":55,"column":31},"end":{"line":55,"column":51}},"16":{"start":{"line":68,"column":1},"end":{"line":6,"column":18}},"17":{"start":{"line":6,"column":15},"end":{"line":null,"column":-1}},"18":{"start":{"line":70,"column":22},"end":{"line":70,"column":null}}},"fnMap":{"0":{"name":"Header","decl":{"start":{"line":6,"column":9},"end":{"line":6,"column":15}},"loc":{"start":{"line":6,"column":18},"end":{"line":68,"column":1}}},"1":{"name":"(anonymous_2)","decl":{"start":{"line":9,"column":12},"end":{"line":9,"column":18}},"loc":{"start":{"line":9,"column":18},"end":{"line":21,"column":5}}},"2":{"name":"(anonymous_3)","decl":{"start":{"line":23,"column":22},"end":{"line":23,"column":23}},"loc":{"start":{"line":23,"column":40},"end":{"line":25,"column":null}}},"3":{"name":"(anonymous_4)","decl":{"start":{"line":37,"column":25},"end":{"line":37,"column":31}},"loc":{"start":{"line":37,"column":31},"end":{"line":37,"column":51}}},"4":{"name":"(anonymous_5)","decl":{"start":{"line":46,"column":25},"end":{"line":46,"column":31}},"loc":{"start":{"line":46,"column":31},"end":{"line":46,"column":52}}},"5":{"name":"(anonymous_6)","decl":{"start":{"line":55,"column":25},"end":{"line":55,"column":31}},"loc":{"start":{"line":55,"column":31},"end":{"line":55,"column":51}}}},"branchMap":{"0":{"loc":{"start":{"line":10,"column":4},"end":{"line":20,"column":null}},"type":"switch","locations":[{"start":{"line":11,"column":6},"end":{"line":13,"column":null}},{"start":{"line":14,"column":6},"end":{"line":16,"column":null}},{"start":{"line":17,"column":6},"end":{"line":19,"column":null}}]}},"s":{"0":104,"1":104,"2":104,"3":56,"4":24,"5":24,"6":8,"7":8,"8":12,"9":12,"10":104,"11":0,"12":104,"13":0,"14":0,"15":0,"16":30,"17":30,"18":30},"f":{"0":104,"1":56,"2":0,"3":0,"4":0,"5":0},"b":{"0":[24,8,12]}}
,"/Users/maria/Desktop/reactProject/reactProject-1/vite-project/src/pages/AboutUsPage/AboutUSPage.tsx": {"path":"/Users/maria/Desktop/reactProject/reactProject-1/vite-project/src/pages/AboutUsPage/AboutUSPage.tsx","statementMap":{"0":{"start":{"line":1,"column":23},"end":{"line":1,"column":null}},"1":{"start":{"line":2,"column":2},"end":{"line":5,"column":null}},"2":{"start":{"line":7,"column":1},"end":{"line":1,"column":23}},"3":{"start":{"line":9,"column":27},"end":{"line":9,"column":null}}},"fnMap":{"0":{"name":"(anonymous_0)","decl":{"start":{"line":1,"column":23},"end":{"line":1,"column":null}},"loc":{"start":{"line":1,"column":23},"end":{"line":1,"column":null}}}},"branchMap":{"0":{"loc":{"start":{"line":1,"column":23},"end":{"line":1,"column":null}},"type":"if","locations":[{"start":{"line":1,"column":23},"end":{"line":1,"column":null}}]}},"s":{"0":210,"1":12,"2":30,"3":30},"f":{"0":42},"b":{"0":[30]}}
,"/Users/maria/Desktop/reactProject/reactProject-1/vite-project/src/pages/FormPage/FormPage.tsx": {"path":"/Users/maria/Desktop/reactProject/reactProject-1/vite-project/src/pages/FormPage/FormPage.tsx","statementMap":{"0":{"start":{"line":6,"column":20},"end":{"line":6,"column":null}},"1":{"start":{"line":7,"column":28},"end":{"line":7,"column":null}},"2":{"start":{"line":9,"column":23},"end":{"line":11,"column":null}},"3":{"start":{"line":10,"column":4},"end":{"line":10,"column":null}},"4":{"start":{"line":13,"column":2},"end":{"line":22,"column":null}},"5":{"start":{"line":19,"column":10},"end":{"line":19,"column":null}},"6":{"start":{"line":24,"column":1},"end":{"line":6,"column":20}},"7":{"start":{"line":6,"column":17},"end":{"line":null,"column":-1}},"8":{"start":{"line":26,"column":24},"end":{"line":26,"column":null}}},"fnMap":{"0":{"name":"FormPage","decl":{"start":{"line":6,"column":9},"end":{"line":6,"column":17}},"loc":{"start":{"line":6,"column":20},"end":{"line":24,"column":1}}},"1":{"name":"(anonymous_2)","decl":{"start":{"line":9,"column":23},"end":{"line":9,"column":24}},"loc":{"start":{"line":9,"column":47},"end":{"line":11,"column":null}}},"2":{"name":"(anonymous_3)","decl":{"start":{"line":18,"column":19},"end":{"line":18,"column":20}},"loc":{"start":{"line":18,"column":47},"end":{"line":20,"column":9}}}},"branchMap":{},"s":{"0":12,"1":12,"2":12,"3":0,"4":12,"5":0,"6":30,"7":30,"8":30},"f":{"0":12,"1":0,"2":0},"b":{}}
,"/Users/maria/Desktop/reactProject/reactProject-1/vite-project/src/pages/FormPage/form/form.tsx": {"path":"/Users/maria/Desktop/reactProject/reactProject-1/vite-project/src/pages/FormPage/form/form.tsx","statementMap":{"0":{"start":{"line":11,"column":43},"end":{"line":11,"column":null}},"1":{"start":{"line":12,"column":40},"end":{"line":12,"column":null}},"2":{"start":{"line":19,"column":6},"end":{"line":31,"column":null}},"3":{"start":{"line":33,"column":23},"end":{"line":35,"column":null}},"4":{"start":{"line":34,"column":4},"end":{"line":34,"column":null}},"5":{"start":{"line":37,"column":34},"end":{"line":52,"column":null}},"6":{"start":{"line":38,"column":4},"end":{"line":38,"column":null}},"7":{"start":{"line":39,"column":4},"end":{"line":47,"column":null}},"8":{"start":{"line":48,"column":4},"end":{"line":48,"column":null}},"9":{"start":{"line":49,"column":4},"end":{"line":51,"column":null}},"10":{"start":{"line":50,"column":6},"end":{"line":50,"column":null}},"11":{"start":{"line":54,"column":20},"end":{"line":59,"column":null}},"12":{"start":{"line":55,"column":22},"end":{"line":55,"column":null}},"13":{"start":{"line":56,"column":24},"end":{"line":56,"column":null}},"14":{"start":{"line":58,"column":4},"end":{"line":58,"column":null}},"15":{"start":{"line":61,"column":2},"end":{"line":208,"column":null}},"16":{"start":{"line":117,"column":35},"end":{"line":117,"column":null}},"17":{"start":{"line":210,"column":1},"end":{"line":19,"column":14}},"18":{"start":{"line":11,"column":13},"end":{"line":19,"column":14}},"19":{"start":{"line":19,"column":13},"end":{"line":11,"column":13}},"20":{"start":{"line":212,"column":20},"end":{"line":212,"column":null}}},"fnMap":{"0":{"name":"Form","decl":{"start":{"line":11,"column":9},"end":{"line":11,"column":13}},"loc":{"start":{"line":11,"column":43},"end":{"line":210,"column":1}}},"1":{"name":"(anonymous_2)","decl":{"start":{"line":33,"column":23},"end":{"line":33,"column":29}},"loc":{"start":{"line":33,"column":29},"end":{"line":35,"column":null}}},"2":{"name":"(anonymous_3)","decl":{"start":{"line":37,"column":34},"end":{"line":37,"column":35}},"loc":{"start":{"line":37,"column":62},"end":{"line":52,"column":null}}},"3":{"name":"(anonymous_4)","decl":{"start":{"line":49,"column":15},"end":{"line":49,"column":21}},"loc":{"start":{"line":49,"column":21},"end":{"line":51,"column":7}}},"4":{"name":"(anonymous_5)","decl":{"start":{"line":54,"column":20},"end":{"line":54,"column":21}},"loc":{"start":{"line":54,"column":39},"end":{"line":59,"column":null}}},"5":{"name":"(anonymous_6)","decl":{"start":{"line":117,"column":25},"end":{"line":117,"column":35}},"loc":{"start":{"line":117,"column":35},"end":{"line":117,"column":null}}},"6":{"name":"(anonymous_7)","decl":{"start":{"line":11,"column":13},"end":{"line":11,"column":14}},"loc":{"start":{"line":11,"column":13},"end":{"line":19,"column":14}}}},"branchMap":{"0":{"loc":{"start":{"line":77,"column":9},"end":{"line":80,"column":null}},"type":"binary-expr","locations":[{"start":{"line":77,"column":9},"end":{"line":77,"column":null}},{"start":{"line":78,"column":10},"end":{"line":80,"column":null}}]},"1":{"loc":{"start":{"line":100,"column":9},"end":{"line":103,"column":null}},"type":"binary-expr","locations":[{"start":{"line":100,"column":9},"end":{"line":100,"column":null}},{"start":{"line":101,"column":10},"end":{"line":103,"column":null}}]},"2":{"loc":{"start":{"line":117,"column":35},"end":{"line":117,"column":null}},"type":"binary-expr","locations":[{"start":{"line":117,"column":35},"end":{"line":117,"column":55}},{"start":{"line":117,"column":55},"end":{"line":117,"column":null}}]},"3":{"loc":{"start":{"line":121,"column":9},"end":{"line":121,"column":null}},"type":"binary-expr","locations":[{"start":{"line":121,"column":9},"end":{"line":121,"column":24}},{"start":{"line":121,"column":24},"end":{"line":121,"column":null}}]},"4":{"loc":{"start":{"line":144,"column":9},"end":{"line":144,"column":null}},"type":"binary-expr","locations":[{"start":{"line":144,"column":9},"end":{"line":144,"column":27}},{"start":{"line":144,"column":27},"end":{"line":144,"column":null}}]},"5":{"loc":{"start":{"line":172,"column":9},"end":{"line":172,"column":null}},"type":"binary-expr","locations":[{"start":{"line":172,"column":9},"end":{"line":172,"column":26}},{"start":{"line":172,"column":26},"end":{"line":172,"column":null}}]},"6":{"loc":{"start":{"line":186,"column":9},"end":{"line":186,"column":null}},"type":"binary-expr","locations":[{"start":{"line":186,"column":9},"end":{"line":186,"column":25}},{"start":{"line":186,"column":25},"end":{"line":186,"column":null}}]},"7":{"loc":{"start":{"line":202,"column":9},"end":{"line":202,"column":null}},"type":"binary-expr","locations":[{"start":{"line":202,"column":9},"end":{"line":202,"column":27}},{"start":{"line":202,"column":27},"end":{"line":202,"column":null}}]},"8":{"loc":{"start":{"line":207,"column":7},"end":{"line":207,"column":null}},"type":"binary-expr","locations":[{"start":{"line":207,"column":7},"end":{"line":207,"column":22}},{"start":{"line":207,"column":22},"end":{"line":207,"column":null}}]}},"s":{"0":24,"1":24,"2":24,"3":24,"4":0,"5":24,"6":0,"7":0,"8":0,"9":0,"10":0,"11":24,"12":0,"13":0,"14":0,"15":24,"16":0,"17":30,"18":6,"19":30,"20":30},"f":{"0":24,"1":0,"2":0,"3":0,"4":0,"5":0,"6":6},"b":{"0":[24,12],"1":[24,12],"2":[0,0],"3":[24,12],"4":[24,12],"5":[24,12],"6":[24,12],"7":[24,12],"8":[24,0]}}
,"/Users/maria/Desktop/reactProject/reactProject-1/vite-project/src/pages/FormPage/formCard/formCard.tsx": {"path":"/Users/maria/Desktop/reactProject/reactProject-1/vite-project/src/pages/FormPage/formCard/formCard.tsx","statementMap":{"0":{"start":{"line":1,"column":53},"end":{"line":1,"column":null}},"1":{"start":{"line":8,"column":2},"end":{"line":17,"column":null}},"2":{"start":{"line":19,"column":1},"end":{"line":7,"column":18}},"3":{"start":{"line":21,"column":24},"end":{"line":21,"column":null}}},"fnMap":{"0":{"name":"(anonymous_0)","decl":{"start":{"line":1,"column":53},"end":{"line":1,"column":null}},"loc":{"start":{"line":1,"column":53},"end":{"line":1,"column":null}}},"1":{"name":"FormCard","decl":{"start":{"line":7,"column":9},"end":{"line":7,"column":18}},"loc":{"start":{"line":7,"column":44},"end":{"line":19,"column":1}}}},"branchMap":{"0":{"loc":{"start":{"line":1,"column":53},"end":{"line":1,"column":null}},"type":"if","locations":[{"start":{"line":1,"column":53},"end":{"line":1,"column":null}}]}},"s":{"0":210,"1":0,"2":30,"3":30},"f":{"0":30,"1":0},"b":{"0":[30]}}
,"/Users/maria/Desktop/reactProject/reactProject-1/vite-project/src/pages/HomePage/HomePage.tsx": {"path":"/Users/maria/Desktop/reactProject/reactProject-1/vite-project/src/pages/HomePage/HomePage.tsx","statementMap":{"0":{"start":{"line":1,"column":46},"end":{"line":1,"column":null}},"1":{"start":{"line":4,"column":17},"end":{"line":11,"column":2}},"2":{"start":{"line":5,"column":2},"end":{"line":9,"column":null}},"3":{"start":{"line":11,"column":2},"end":{"line":4,"column":17}},"4":{"start":{"line":13,"column":24},"end":{"line":13,"column":null}}},"fnMap":{"0":{"name":"(anonymous_0)","decl":{"start":{"line":1,"column":46},"end":{"line":1,"column":null}},"loc":{"start":{"line":1,"column":46},"end":{"line":1,"column":null}}},"1":{"name":"(anonymous_1)","decl":{"start":{"line":4,"column":17},"end":{"line":4,"column":23}},"loc":{"start":{"line":4,"column":23},"end":{"line":11,"column":2}}}},"branchMap":{"0":{"loc":{"start":{"line":1,"column":46},"end":{"line":1,"column":null}},"type":"if","locations":[{"start":{"line":1,"column":46},"end":{"line":1,"column":null}}]}},"s":{"0":210,"1":30,"2":24,"3":30,"4":30},"f":{"0":30,"1":24},"b":{"0":[30]}}
,"/Users/maria/Desktop/reactProject/reactProject-1/vite-project/src/pages/HomePage/Modal/CloseModal.tsx": {"path":"/Users/maria/Desktop/reactProject/reactProject-1/vite-project/src/pages/HomePage/Modal/CloseModal.tsx","statementMap":{"0":{"start":{"line":1,"column":25},"end":{"line":1,"column":null}},"1":{"start":{"line":1,"column":25},"end":{"line":7,"column":2}},"2":{"start":{"line":2,"column":2},"end":{"line":5,"column":null}},"3":{"start":{"line":7,"column":2},"end":{"line":1,"column":25}},"4":{"start":{"line":9,"column":26},"end":{"line":9,"column":null}}},"fnMap":{"0":{"name":"(anonymous_0)","decl":{"start":{"line":1,"column":25},"end":{"line":1,"column":null}},"loc":{"start":{"line":1,"column":25},"end":{"line":1,"column":null}}}},"branchMap":{"0":{"loc":{"start":{"line":1,"column":25},"end":{"line":1,"column":null}},"type":"if","locations":[{"start":{"line":1,"column":25},"end":{"line":1,"column":null}}]}},"s":{"0":210,"1":30,"2":0,"3":30,"4":30},"f":{"0":30},"b":{"0":[30]}}
,"/Users/maria/Desktop/reactProject/reactProject-1/vite-project/src/pages/HomePage/Modal/Modal.tsx": {"path":"/Users/maria/Desktop/reactProject/reactProject-1/vite-project/src/pages/HomePage/Modal/Modal.tsx","statementMap":{"0":{"start":{"line":10,"column":64},"end":{"line":10,"column":null}},"1":{"start":{"line":11,"column":19},"end":{"line":11,"column":null}},"2":{"start":{"line":13,"column":22},"end":{"line":15,"column":null}},"3":{"start":{"line":14,"column":4},"end":{"line":14,"column":null}},"4":{"start":{"line":17,"column":2},"end":{"line":32,"column":null}},"5":{"start":{"line":34,"column":1},"end":{"line":11,"column":43}},"6":{"start":{"line":10,"column":21},"end":{"line":11,"column":43}},"7":{"start":{"line":11,"column":42},"end":{"line":10,"column":21}},"8":{"start":{"line":10,"column":21},"end":{"line":10,"column":22}}},"fnMap":{"0":{"name":"Modal","decl":{"start":{"line":10,"column":16},"end":{"line":10,"column":21}},"loc":{"start":{"line":10,"column":64},"end":{"line":34,"column":1}}},"1":{"name":"(anonymous_2)","decl":{"start":{"line":13,"column":22},"end":{"line":13,"column":28}},"loc":{"start":{"line":13,"column":28},"end":{"line":15,"column":null}}},"2":{"name":"(anonymous_3)","decl":{"start":{"line":10,"column":21},"end":{"line":10,"column":22}},"loc":{"start":{"line":10,"column":21},"end":{"line":11,"column":43}}}},"branchMap":{},"s":{"0":0,"1":0,"2":0,"3":0,"4":0,"5":30,"6":0,"7":30,"8":30},"f":{"0":0,"1":0,"2":0},"b":{}}
,"/Users/maria/Desktop/reactProject/reactProject-1/vite-project/src/pages/HomePage/Modal/NotFound.tsx": {"path":"/Users/maria/Desktop/reactProject/reactProject-1/vite-project/src/pages/HomePage/Modal/NotFound.tsx","statementMap":{"0":{"start":{"line":1,"column":30},"end":{"line":1,"column":null}},"1":{"start":{"line":1,"column":30},"end":{"line":3,"column":2}},"2":{"start":{"line":2,"column":2},"end":{"line":2,"column":null}},"3":{"start":{"line":3,"column":2},"end":{"line":1,"column":21}},"4":{"start":{"line":1,"column":21},"end":{"line":1,"column":24}}},"fnMap":{"0":{"name":"(anonymous_0)","decl":{"start":{"line":1,"column":30},"end":{"line":1,"column":null}},"loc":{"start":{"line":1,"column":30},"end":{"line":1,"column":null}}}},"branchMap":{"0":{"loc":{"start":{"line":1,"column":30},"end":{"line":1,"column":null}},"type":"if","locations":[{"start":{"line":1,"column":30},"end":{"line":1,"column":null}}]}},"s":{"0":210,"1":30,"2":12,"3":30,"4":30},"f":{"0":42},"b":{"0":[30]}}
,"/Users/maria/Desktop/reactProject/reactProject-1/vite-project/src/pages/HomePage/MyButton/MyButton.tsx": {"path":"/Users/maria/Desktop/reactProject/reactProject-1/vite-project/src/pages/HomePage/MyButton/MyButton.tsx","statementMap":{"0":{"start":{"line":1,"column":23},"end":{"line":1,"column":null}},"1":{"start":{"line":8,"column":24},"end":{"line":14,"column":2}},"2":{"start":{"line":9,"column":2},"end":{"line":12,"column":null}},"3":{"start":{"line":14,"column":2},"end":{"line":8,"column":21}},"4":{"start":{"line":8,"column":21},"end":{"line":8,"column":24}}},"fnMap":{"0":{"name":"(anonymous_0)","decl":{"start":{"line":1,"column":23},"end":{"line":1,"column":null}},"loc":{"start":{"line":1,"column":23},"end":{"line":1,"column":null}}},"1":{"name":"(anonymous_1)","decl":{"start":{"line":8,"column":24},"end":{"line":8,"column":25}},"loc":{"start":{"line":8,"column":60},"end":{"line":14,"column":2}}}},"branchMap":{"0":{"loc":{"start":{"line":1,"column":23},"end":{"line":1,"column":null}},"type":"if","locations":[{"start":{"line":1,"column":23},"end":{"line":1,"column":null}}]}},"s":{"0":210,"1":30,"2":80,"3":30,"4":30},"f":{"0":30,"1":80},"b":{"0":[30]}}
,"/Users/maria/Desktop/reactProject/reactProject-1/vite-project/src/pages/HomePage/MyLoader/MyLoader.tsx": {"path":"/Users/maria/Desktop/reactProject/reactProject-1/vite-project/src/pages/HomePage/MyLoader/MyLoader.tsx","statementMap":{"0":{"start":{"line":1,"column":30},"end":{"line":1,"column":null}},"1":{"start":{"line":1,"column":30},"end":{"line":7,"column":2}},"2":{"start":{"line":2,"column":2},"end":{"line":5,"column":null}},"3":{"start":{"line":7,"column":2},"end":{"line":1,"column":21}},"4":{"start":{"line":1,"column":21},"end":{"line":1,"column":24}}},"fnMap":{"0":{"name":"(anonymous_0)","decl":{"start":{"line":1,"column":30},"end":{"line":1,"column":null}},"loc":{"start":{"line":1,"column":30},"end":{"line":1,"column":null}}}},"branchMap":{"0":{"loc":{"start":{"line":1,"column":30},"end":{"line":1,"column":null}},"type":"if","locations":[{"start":{"line":1,"column":30},"end":{"line":1,"column":null}}]}},"s":{"0":210,"1":30,"2":68,"3":30,"4":30},"f":{"0":98},"b":{"0":[30]}}
,"/Users/maria/Desktop/reactProject/reactProject-1/vite-project/src/pages/HomePage/Search/search.tsx": {"path":"/Users/maria/Desktop/reactProject/reactProject-1/vite-project/src/pages/HomePage/Search/search.tsx","statementMap":{"0":{"start":{"line":6,"column":23},"end":{"line":6,"column":null}},"1":{"start":{"line":7,"column":19},"end":{"line":7,"column":null}},"2":{"start":{"line":8,"column":16},"end":{"line":8,"column":null}},"3":{"start":{"line":8,"column":42},"end":{"line":8,"column":60}},"4":{"start":{"line":9,"column":46},"end":{"line":9,"column":null}},"5":{"start":{"line":10,"column":68},"end":{"line":12,"column":null}},"6":{"start":{"line":11,"column":4},"end":{"line":11,"column":null}},"7":{"start":{"line":14,"column":72},"end":{"line":17,"column":null}},"8":{"start":{"line":15,"column":4},"end":{"line":15,"column":null}},"9":{"start":{"line":16,"column":4},"end":{"line":16,"column":null}},"10":{"start":{"line":19,"column":69},"end":{"line":22,"column":null}},"11":{"start":{"line":20,"column":4},"end":{"line":20,"column":null}},"12":{"start":{"line":21,"column":4},"end":{"line":21,"column":null}},"13":{"start":{"line":24,"column":2},"end":{"line":37,"column":null}},"14":{"start":{"line":39,"column":1},"end":{"line":8,"column":32}},"15":{"start":{"line":6,"column":20},"end":{"line":8,"column":32}},"16":{"start":{"line":8,"column":30},"end":{"line":6,"column":20}},"17":{"start":{"line":41,"column":27},"end":{"line":41,"column":null}}},"fnMap":{"0":{"name":"SearchInput","decl":{"start":{"line":6,"column":9},"end":{"line":6,"column":20}},"loc":{"start":{"line":6,"column":23},"end":{"line":39,"column":1}}},"1":{"name":"(anonymous_2)","decl":{"start":{"line":8,"column":32},"end":{"line":8,"column":42}},"loc":{"start":{"line":8,"column":42},"end":{"line":8,"column":60}}},"2":{"name":"(anonymous_3)","decl":{"start":{"line":10,"column":68},"end":{"line":10,"column":78}},"loc":{"start":{"line":10,"column":78},"end":{"line":12,"column":null}}},"3":{"name":"(anonymous_4)","decl":{"start":{"line":14,"column":72},"end":{"line":14,"column":82}},"loc":{"start":{"line":14,"column":82},"end":{"line":17,"column":null}}},"4":{"name":"(anonymous_5)","decl":{"start":{"line":19,"column":69},"end":{"line":19,"column":79}},"loc":{"start":{"line":19,"column":79},"end":{"line":22,"column":null}}},"5":{"name":"(anonymous_6)","decl":{"start":{"line":6,"column":20},"end":{"line":6,"column":23}},"loc":{"start":{"line":6,"column":20},"end":{"line":8,"column":32}}}},"branchMap":{},"s":{"0":224,"1":224,"2":224,"3":303,"4":224,"5":224,"6":94,"7":224,"8":0,"9":0,"10":224,"11":6,"12":6,"13":224,"14":30,"15":12,"16":30,"17":30},"f":{"0":224,"1":303,"2":94,"3":0,"4":6,"5":12},"b":{}}
,"/Users/maria/Desktop/reactProject/reactProject-1/vite-project/src/pages/HomePage/card/card.tsx": {"path":"/Users/maria/Desktop/reactProject/reactProject-1/vite-project/src/pages/HomePage/card/card.tsx","statementMap":{"0":{"start":{"line":1,"column":49},"end":{"line":1,"column":null}},"1":{"start":{"line":12,"column":22},"end":{"line":16,"column":null}},"2":{"start":{"line":13,"column":4},"end":{"line":13,"column":null}},"3":{"start":{"line":14,"column":4},"end":{"line":14,"column":null}},"4":{"start":{"line":15,"column":4},"end":{"line":15,"column":null}},"5":{"start":{"line":18,"column":2},"end":{"line":24,"column":null}},"6":{"start":{"line":26,"column":1},"end":{"line":11,"column":21}},"7":{"start":{"line":28,"column":20},"end":{"line":28,"column":null}}},"fnMap":{"0":{"name":"(anonymous_0)","decl":{"start":{"line":1,"column":49},"end":{"line":1,"column":null}},"loc":{"start":{"line":1,"column":49},"end":{"line":1,"column":null}}},"1":{"name":"Card","decl":{"start":{"line":11,"column":16},"end":{"line":11,"column":21}},"loc":{"start":{"line":11,"column":73},"end":{"line":26,"column":1}}},"2":{"name":"(anonymous_2)","decl":{"start":{"line":12,"column":22},"end":{"line":12,"column":28}},"loc":{"start":{"line":12,"column":28},"end":{"line":16,"column":null}}}},"branchMap":{"0":{"loc":{"start":{"line":1,"column":49},"end":{"line":1,"column":null}},"type":"if","locations":[{"start":{"line":1,"column":49},"end":{"line":1,"column":null}}]}},"s":{"0":210,"1":80,"2":0,"3":0,"4":0,"5":80,"6":30,"7":30},"f":{"0":30,"1":80,"2":0},"b":{"0":[30]}}
,"/Users/maria/Desktop/reactProject/reactProject-1/vite-project/src/pages/HomePage/cardList/cardList.tsx": {"path":"/Users/maria/Desktop/reactProject/reactProject-1/vite-project/src/pages/HomePage/cardList/cardList.tsx","statementMap":{"0":{"start":{"line":10,"column":27},"end":{"line":10,"column":null}},"1":{"start":{"line":11,"column":16},"end":{"line":11,"column":null}},"2":{"start":{"line":11,"column":42},"end":{"line":11,"column":60}},"3":{"start":{"line":12,"column":35},"end":{"line":12,"column":null}},"4":{"start":{"line":13,"column":38},"end":{"line":13,"column":null}},"5":{"start":{"line":14,"column":40},"end":{"line":14,"column":null}},"6":{"start":{"line":16,"column":2},"end":{"line":16,"column":null}},"7":{"start":{"line":16,"column":17},"end":{"line":16,"column":null}},"8":{"start":{"line":17,"column":2},"end":{"line":17,"column":null}},"9":{"start":{"line":17,"column":20},"end":{"line":17,"column":null}},"10":{"start":{"line":18,"column":2},"end":{"line":34,"column":null}},"11":{"start":{"line":24,"column":12},"end":{"line":28,"column":null}},"12":{"start":{"line":36,"column":1},"end":{"line":12,"column":56}},"13":{"start":{"line":10,"column":24},"end":{"line":12,"column":56}},"14":{"start":{"line":12,"column":55},"end":{"line":10,"column":24}},"15":{"start":{"line":10,"column":24},"end":{"line":10,"column":27}}},"fnMap":{"0":{"name":"CardList","decl":{"start":{"line":10,"column":16},"end":{"line":10,"column":24}},"loc":{"start":{"line":10,"column":27},"end":{"line":36,"column":1}}},"1":{"name":"(anonymous_2)","decl":{"start":{"line":11,"column":32},"end":{"line":11,"column":42}},"loc":{"start":{"line":11,"column":42},"end":{"line":11,"column":60}}},"2":{"name":"(anonymous_3)","decl":{"start":{"line":23,"column":21},"end":{"line":23,"column":null}},"loc":{"start":{"line":24,"column":12},"end":{"line":28,"column":null}}},"3":{"name":"(anonymous_4)","decl":{"start":{"line":10,"column":24},"end":{"line":10,"column":27}},"loc":{"start":{"line":10,"column":24},"end":{"line":12,"column":56}}}},"branchMap":{"0":{"loc":{"start":{"line":12,"column":10},"end":{"line":12,"column":21}},"type":"default-arg","locations":[{"start":{"line":12,"column":17},"end":{"line":12,"column":21}}]},"1":{"loc":{"start":{"line":16,"column":2},"end":{"line":16,"column":null}},"type":"if","locations":[{"start":{"line":16,"column":2},"end":{"line":16,"column":null}}]},"2":{"loc":{"start":{"line":17,"column":2},"end":{"line":17,"column":null}},"type":"if","locations":[{"start":{"line":17,"column":2},"end":{"line":17,"column":null}}]},"3":{"loc":{"start":{"line":20,"column":7},"end":{"line":20,"column":null}},"type":"binary-expr","locations":[{"start":{"line":20,"column":7},"end":{"line":20,"column":20}},{"start":{"line":20,"column":20},"end":{"line":20,"column":null}}]},"4":{"loc":{"start":{"line":21,"column":7},"end":{"line":31,"column":null}},"type":"binary-expr","locations":[{"start":{"line":21,"column":7},"end":{"line":21,"column":null}},{"start":{"line":22,"column":8},"end":{"line":31,"column":null}}]},"5":{"loc":{"start":{"line":33,"column":7},"end":{"line":33,"column":null}},"type":"binary-expr","locations":[{"start":{"line":33,"column":7},"end":{"line":33,"column":22}},{"start":{"line":33,"column":22},"end":{"line":33,"column":null}}]}},"s":{"0":88,"1":88,"2":167,"3":88,"4":88,"5":88,"6":88,"7":68,"8":20,"9":12,"10":8,"11":80,"12":30,"13":12,"14":30,"15":30},"f":{"0":88,"1":167,"2":80,"3":12},"b":{"0":[68],"1":[68],"2":[12],"3":[8,0],"4":[8,8],"5":[8,0]}}
,"/Users/maria/Desktop/reactProject/reactProject-1/vite-project/src/pages/NotFoundPage/NotFoundPage.tsx": {"path":"/Users/maria/Desktop/reactProject/reactProject-1/vite-project/src/pages/NotFoundPage/NotFoundPage.tsx","statementMap":{"0":{"start":{"line":1,"column":39},"end":{"line":1,"column":null}},"1":{"start":{"line":4,"column":2},"end":{"line":11,"column":null}},"2":{"start":{"line":13,"column":1},"end":{"line":3,"column":24}},"3":{"start":{"line":15,"column":28},"end":{"line":15,"column":null}}},"fnMap":{"0":{"name":"(anonymous_0)","decl":{"start":{"line":1,"column":39},"end":{"line":1,"column":null}},"loc":{"start":{"line":1,"column":39},"end":{"line":1,"column":null}}},"1":{"name":"NotFoundPage","decl":{"start":{"line":3,"column":9},"end":{"line":3,"column":24}},"loc":{"start":{"line":3,"column":24},"end":{"line":13,"column":1}}}},"branchMap":{"0":{"loc":{"start":{"line":1,"column":39},"end":{"line":1,"column":null}},"type":"if","locations":[{"start":{"line":1,"column":39},"end":{"line":1,"column":null}}]}},"s":{"0":210,"1":12,"2":30,"3":30},"f":{"0":30,"1":12},"b":{"0":[30]}}
,"/Users/maria/Desktop/reactProject/reactProject-1/vite-project/src/pathes/pathes-enum.ts": {"path":"/Users/maria/Desktop/reactProject/reactProject-1/vite-project/src/pathes/pathes-enum.ts","statementMap":{"0":{"start":{"line":1,"column":0},"end":{"line":1,"column":null}},"1":{"start":{"line":2,"column":2},"end":{"line":2,"column":null}},"2":{"start":{"line":3,"column":2},"end":{"line":3,"column":null}},"3":{"start":{"line":4,"column":2},"end":{"line":4,"column":null}},"4":{"start":{"line":5,"column":2},"end":{"line":5,"column":null}},"5":{"start":{"line":6,"column":2},"end":{"line":6,"column":null}},"6":{"start":{"line":1,"column":5},"end":{"line":1,"column":null}}},"fnMap":{"0":{"name":"(anonymous_0)","decl":{"start":{"line":1,"column":0},"end":{"line":1,"column":5}},"loc":{"start":{"line":1,"column":0},"end":{"line":1,"column":null}}}},"branchMap":{"0":{"loc":{"start":{"line":1,"column":5},"end":{"line":1,"column":null}},"type":"binary-expr","locations":[{"start":{"line":1,"column":5},"end":{"line":1,"column":null}},{"start":{"line":1,"column":5},"end":{"line":1,"column":null}}]}},"s":{"0":30,"1":30,"2":30,"3":30,"4":30,"5":30,"6":30},"f":{"0":30},"b":{"0":[30,30]}}
,"/Users/maria/Desktop/reactProject/reactProject-1/vite-project/src/store/apiSlice.ts": {"path":"/Users/maria/Desktop/reactProject/reactProject-1/vite-project/src/store/apiSlice.ts","statementMap":{"0":{"start":{"line":4,"column":15},"end":{"line":4,"column":null}},"1":{"start":{"line":10,"column":27},"end":{"line":35,"column":null}},"2":{"start":{"line":17,"column":4},"end":{"line":33,"column":null}},"3":{"start":{"line":20,"column":10},"end":{"line":22,"column":null}},"4":{"start":{"line":25,"column":10},"end":{"line":25,"column":null}},"5":{"start":{"line":30,"column":10},"end":{"line":30,"column":null}},"6":{"start":{"line":37,"column":65},"end":{"line":37,"column":null}}},"fnMap":{"0":{"name":"(anonymous_0)","decl":{"start":{"line":16,"column":2},"end":{"line":16,"column":12}},"loc":{"start":{"line":16,"column":21},"end":{"line":34,"column":null}}},"1":{"name":"(anonymous_1)","decl":{"start":{"line":19,"column":8},"end":{"line":19,"column":14}},"loc":{"start":{"line":19,"column":21},"end":{"line":23,"column":null}}},"2":{"name":"(anonymous_2)","decl":{"start":{"line":24,"column":27},"end":{"line":24,"column":28}},"loc":{"start":{"line":24,"column":68},"end":{"line":26,"column":null}}},"3":{"name":"(anonymous_3)","decl":{"start":{"line":29,"column":8},"end":{"line":29,"column":14}},"loc":{"start":{"line":29,"column":23},"end":{"line":31,"column":null}}}},"branchMap":{"0":{"loc":{"start":{"line":20,"column":17},"end":{"line":22,"column":null}},"type":"cond-expr","locations":[{"start":{"line":21,"column":14},"end":{"line":21,"column":null}},{"start":{"line":22,"column":14},"end":{"line":22,"column":null}}]},"1":{"loc":{"start":{"line":25,"column":17},"end":{"line":25,"column":null}},"type":"cond-expr","locations":[{"start":{"line":25,"column":36},"end":{"line":25,"column":55}},{"start":{"line":25,"column":55},"end":{"line":25,"column":null}}]}},"s":{"0":30,"1":30,"2":30,"3":18,"4":13,"5":0,"6":30},"f":{"0":30,"1":18,"2":13,"3":0},"b":{"0":[12,6],"1":[6,7]}}
,"/Users/maria/Desktop/reactProject/reactProject-1/vite-project/src/store/formSlice.ts": {"path":"/Users/maria/Desktop/reactProject/reactProject-1/vite-project/src/store/formSlice.ts","statementMap":{"0":{"start":{"line":4,"column":18},"end":{"line":14,"column":null}},"1":{"start":{"line":11,"column":6},"end":{"line":11,"column":null}},"2":{"start":{"line":16,"column":31},"end":{"line":16,"column":null}}},"fnMap":{"0":{"name":"(anonymous_0)","decl":{"start":{"line":10,"column":4},"end":{"line":10,"column":16}},"loc":{"start":{"line":10,"column":57},"end":{"line":12,"column":null}}}},"branchMap":{},"s":{"0":30,"1":0,"2":30},"f":{"0":0},"b":{}}
,"/Users/maria/Desktop/reactProject/reactProject-1/vite-project/src/store/index.ts": {"path":"/Users/maria/Desktop/reactProject/reactProject-1/vite-project/src/store/index.ts","statementMap":{"0":{"start":{"line":6,"column":21},"end":{"line":13,"column":null}},"1":{"start":{"line":12,"column":40},"end":{"line":12,"column":null}}},"fnMap":{"0":{"name":"(anonymous_0)","decl":{"start":{"line":12,"column":14},"end":{"line":12,"column":15}},"loc":{"start":{"line":12,"column":40},"end":{"line":12,"column":null}}}},"branchMap":{},"s":{"0":30,"1":30},"f":{"0":30},"b":{}}
,"/Users/maria/Desktop/reactProject/reactProject-1/vite-project/src/store/searchSlice.ts": {"path":"/Users/maria/Desktop/reactProject/reactProject-1/vite-project/src/store/searchSlice.ts","statementMap":{"0":{"start":{"line":7,"column":23},"end":{"line":17,"column":null}},"1":{"start":{"line":14,"column":6},"end":{"line":14,"column":null}},"2":{"start":{"line":19,"column":28},"end":{"line":19,"column":null}}},"fnMap":{"0":{"name":"(anonymous_0)","decl":{"start":{"line":13,"column":4},"end":{"line":13,"column":13}},"loc":{"start":{"line":13,"column":51},"end":{"line":15,"column":null}}}},"branchMap":{},"s":{"0":30,"1":6,"2":30},"f":{"0":6},"b":{}}
,"/Users/maria/Desktop/reactProject/reactProject-1/vite-project/src/store/hooks/redux.ts": {"path":"/Users/maria/Desktop/reactProject/reactProject-1/vite-project/src/store/hooks/redux.ts","statementMap":{"0":{"start":{"line":4,"column":66},"end":{"line":4,"column":null}},"1":{"start":{"line":5,"column":30},"end":{"line":5,"column":null}},"2":{"start":{"line":5,"column":36},"end":{"line":5,"column":null}}},"fnMap":{"0":{"name":"(anonymous_0)","decl":{"start":{"line":5,"column":30},"end":{"line":5,"column":36}},"loc":{"start":{"line":5,"column":36},"end":{"line":5,"column":null}}}},"branchMap":{},"s":{"0":30,"1":30,"2":224},"f":{"0":224},"b":{}}
}
