TN:
SF:src/App.tsx
FN:1,(anonymous_0)
FN:11,App
FNF:2
FNH:2
FNDA:30,(anonymous_0)
FNDA:60,App
DA:1,210
DA:12,60
DA:24,30
DA:26,30
LF:4
LH:4
BRDA:1,0,0,30
BRF:1
BRH:1
end_of_record
TN:
SF:src/entry-client.tsx
FNF:0
FNH:0
DA:9,30
LF:1
LH:1
BRF:0
BRH:0
end_of_record
TN:
SF:src/components/header/header.tsx
FN:6,Header
FN:9,(anonymous_2)
FN:23,(anonymous_3)
FN:37,(anonymous_4)
FN:46,(anonymous_5)
FN:55,(anonymous_6)
FNF:6
FNH:2
FNDA:104,Header
FNDA:56,(anonymous_2)
FNDA:0,(anonymous_3)
FNDA:0,(anonymous_4)
FNDA:0,(anonymous_5)
FNDA:0,(anonymous_6)
DA:6,104
DA:7,104
DA:9,104
DA:10,56
DA:12,24
DA:13,24
DA:15,8
DA:16,8
DA:18,12
DA:19,12
DA:23,104
DA:24,0
DA:27,104
DA:37,0
DA:46,0
DA:55,0
DA:68,30
DA:70,30
LF:18
LH:14
BRDA:10,0,0,24
BRDA:10,0,1,8
BRDA:10,0,2,12
BRF:3
BRH:3
end_of_record
TN:
SF:src/pages/AboutUsPage/AboutUSPage.tsx
FN:1,(anonymous_0)
FNF:1
FNH:1
FNDA:42,(anonymous_0)
DA:1,210
DA:2,12
DA:7,30
DA:9,30
LF:4
LH:4
BRDA:1,0,0,30
BRF:1
BRH:1
end_of_record
TN:
SF:src/pages/FormPage/FormPage.tsx
FN:6,FormPage
FN:9,(anonymous_2)
FN:18,(anonymous_3)
FNF:3
FNH:1
FNDA:12,FormPage
FNDA:0,(anonymous_2)
FNDA:0,(anonymous_3)
DA:6,30
DA:7,12
DA:9,12
DA:10,0
DA:13,12
DA:19,0
DA:24,30
DA:26,30
LF:8
LH:6
BRF:0
BRH:0
end_of_record
TN:
SF:src/pages/FormPage/form/form.tsx
FN:11,Form
FN:33,(anonymous_2)
FN:37,(anonymous_3)
FN:49,(anonymous_4)
FN:54,(anonymous_5)
FN:117,(anonymous_6)
FN:11,(anonymous_7)
FNF:7
FNH:2
FNDA:24,Form
FNDA:0,(anonymous_2)
FNDA:0,(anonymous_3)
FNDA:0,(anonymous_4)
FNDA:0,(anonymous_5)
FNDA:0,(anonymous_6)
FNDA:6,(anonymous_7)
DA:11,24
DA:12,24
DA:19,30
DA:33,24
DA:34,0
DA:37,24
DA:38,0
DA:39,0
DA:48,0
DA:49,0
DA:50,0
DA:54,24
DA:55,0
DA:56,0
DA:58,0
DA:61,24
DA:117,0
DA:210,30
DA:212,30
LF:19
LH:9
BRDA:77,0,0,24
BRDA:77,0,1,12
BRDA:100,1,0,24
BRDA:100,1,1,12
BRDA:117,2,0,0
BRDA:117,2,1,0
BRDA:121,3,0,24
BRDA:121,3,1,12
BRDA:144,4,0,24
BRDA:144,4,1,12
BRDA:172,5,0,24
BRDA:172,5,1,12
BRDA:186,6,0,24
BRDA:186,6,1,12
BRDA:202,7,0,24
BRDA:202,7,1,12
BRDA:207,8,0,24
BRDA:207,8,1,0
BRF:18
BRH:15
end_of_record
TN:
SF:src/pages/FormPage/formCard/formCard.tsx
FN:1,(anonymous_0)
FN:7,FormCard
FNF:2
FNH:1
FNDA:30,(anonymous_0)
FNDA:0,FormCard
DA:1,210
DA:8,0
DA:19,30
DA:21,30
LF:4
LH:3
BRDA:1,0,0,30
BRF:1
BRH:1
end_of_record
TN:
SF:src/pages/HomePage/HomePage.tsx
FN:1,(anonymous_0)
FN:4,(anonymous_1)
FNF:2
FNH:2
FNDA:30,(anonymous_0)
FNDA:24,(anonymous_1)
DA:1,210
DA:4,30
DA:5,24
DA:11,30
DA:13,30
LF:5
LH:5
BRDA:1,0,0,30
BRF:1
BRH:1
end_of_record
TN:
SF:src/pages/HomePage/Modal/CloseModal.tsx
FN:1,(anonymous_0)
FNF:1
FNH:1
FNDA:30,(anonymous_0)
DA:1,210
DA:2,0
DA:7,30
DA:9,30
LF:4
LH:3
BRDA:1,0,0,30
BRF:1
BRH:1
end_of_record
TN:
SF:src/pages/HomePage/Modal/Modal.tsx
FN:10,Modal
FN:13,(anonymous_2)
FN:10,(anonymous_3)
FNF:3
FNH:0
FNDA:0,Modal
FNDA:0,(anonymous_2)
FNDA:0,(anonymous_3)
DA:10,30
DA:11,30
DA:13,0
DA:14,0
DA:17,0
DA:34,30
LF:6
LH:3
BRF:0
BRH:0
end_of_record
TN:
SF:src/pages/HomePage/Modal/NotFound.tsx
FN:1,(anonymous_0)
FNF:1
FNH:1
FNDA:42,(anonymous_0)
DA:1,210
DA:2,12
DA:3,30
LF:3
LH:3
BRDA:1,0,0,30
BRF:1
BRH:1
end_of_record
TN:
SF:src/pages/HomePage/MyButton/MyButton.tsx
FN:1,(anonymous_0)
FN:8,(anonymous_1)
FNF:2
FNH:2
FNDA:30,(anonymous_0)
FNDA:80,(anonymous_1)
DA:1,210
DA:8,30
DA:9,80
DA:14,30
LF:4
LH:4
BRDA:1,0,0,30
BRF:1
BRH:1
end_of_record
TN:
SF:src/pages/HomePage/MyLoader/MyLoader.tsx
FN:1,(anonymous_0)
FNF:1
FNH:1
FNDA:98,(anonymous_0)
DA:1,210
DA:2,68
DA:7,30
LF:3
LH:3
BRDA:1,0,0,30
BRF:1
BRH:1
end_of_record
TN:
SF:src/pages/HomePage/Search/search.tsx
FN:6,SearchInput
FN:8,(anonymous_2)
FN:10,(anonymous_3)
FN:14,(anonymous_4)
FN:19,(anonymous_5)
FN:6,(anonymous_6)
FNF:6
FNH:5
FNDA:224,SearchInput
FNDA:303,(anonymous_2)
FNDA:94,(anonymous_3)
FNDA:0,(anonymous_4)
FNDA:6,(anonymous_5)
FNDA:12,(anonymous_6)
DA:6,224
DA:7,224
DA:8,303
DA:9,224
DA:10,224
DA:11,94
DA:14,224
DA:15,0
DA:16,0
DA:19,224
DA:20,6
DA:21,6
DA:24,224
DA:39,30
DA:41,30
LF:15
LH:13
BRF:0
BRH:0
end_of_record
TN:
SF:src/pages/HomePage/card/card.tsx
FN:1,(anonymous_0)
FN:11,Card
FN:12,(anonymous_2)
FNF:3
FNH:2
FNDA:30,(anonymous_0)
FNDA:80,Card
FNDA:0,(anonymous_2)
DA:1,210
DA:12,80
DA:13,0
DA:14,0
DA:15,0
DA:18,80
DA:26,30
DA:28,30
LF:8
LH:5
BRDA:1,0,0,30
BRF:1
BRH:1
end_of_record
TN:
SF:src/pages/HomePage/cardList/cardList.tsx
FN:10,CardList
FN:11,(anonymous_2)
FN:23,(anonymous_3)
FN:10,(anonymous_4)
FNF:4
FNH:4
FNDA:88,CardList
FNDA:167,(anonymous_2)
FNDA:80,(anonymous_3)
FNDA:12,(anonymous_4)
DA:10,88
DA:11,167
DA:12,88
DA:13,88
DA:14,88
DA:16,88
DA:17,20
DA:18,8
DA:24,80
DA:36,30
LF:10
LH:10
BRDA:12,0,0,68
BRDA:16,1,0,68
BRDA:17,2,0,12
BRDA:20,3,0,8
BRDA:20,3,1,0
BRDA:21,4,0,8
BRDA:21,4,1,8
BRDA:33,5,0,8
BRDA:33,5,1,0
BRF:9
BRH:7
end_of_record
TN:
SF:src/pages/NotFoundPage/NotFoundPage.tsx
FN:1,(anonymous_0)
FN:3,NotFoundPage
FNF:2
FNH:2
FNDA:30,(anonymous_0)
FNDA:12,NotFoundPage
DA:1,210
DA:4,12
DA:13,30
DA:15,30
LF:4
LH:4
BRDA:1,0,0,30
BRF:1
BRH:1
end_of_record
TN:
SF:src/pathes/pathes-enum.ts
FN:1,(anonymous_0)
FNF:1
FNH:1
FNDA:30,(anonymous_0)
DA:1,30
DA:2,30
DA:3,30
DA:4,30
DA:5,30
DA:6,30
LF:6
LH:6
BRDA:1,0,0,30
BRDA:1,0,1,30
BRF:2
BRH:2
end_of_record
TN:
SF:src/store/apiSlice.ts
FN:16,(anonymous_0)
FN:19,(anonymous_1)
FN:24,(anonymous_2)
FN:29,(anonymous_3)
FNF:4
FNH:3
FNDA:30,(anonymous_0)
FNDA:18,(anonymous_1)
FNDA:13,(anonymous_2)
FNDA:0,(anonymous_3)
DA:4,30
DA:10,30
DA:17,30
DA:20,18
DA:25,13
DA:30,0
DA:37,30
LF:7
LH:6
BRDA:20,0,0,12
BRDA:20,0,1,6
BRDA:25,1,0,6
BRDA:25,1,1,7
BRF:4
BRH:4
end_of_record
TN:
SF:src/store/formSlice.ts
FN:10,(anonymous_0)
FNF:1
FNH:0
FNDA:0,(anonymous_0)
DA:4,30
DA:11,0
DA:16,30
LF:3
LH:2
BRF:0
BRH:0
end_of_record
TN:
SF:src/store/index.ts
FN:12,(anonymous_0)
FNF:1
FNH:1
FNDA:30,(anonymous_0)
DA:6,30
DA:12,30
LF:2
LH:2
BRF:0
BRH:0
end_of_record
TN:
SF:src/store/searchSlice.ts
FN:13,(anonymous_0)
FNF:1
FNH:1
FNDA:6,(anonymous_0)
DA:7,30
DA:14,6
DA:19,30
LF:3
LH:3
BRF:0
BRH:0
end_of_record
TN:
SF:src/store/hooks/redux.ts
FN:5,(anonymous_0)
FNF:1
FNH:1
FNDA:224,(anonymous_0)
DA:4,30
DA:5,224
LF:2
LH:2
BRF:0
BRH:0
end_of_record
